{"C:\\Users\\Pichau\\Documents\\Projetos\\my-tcc-app\\my-tcc-app\\src\\components\\CircularLoading\\index.tsx": {"path":"C:\\Users\\Pichau\\Documents\\Projetos\\my-tcc-app\\my-tcc-app\\src\\components\\CircularLoading\\index.tsx","statementMap":{"0":{"start":{"line":7,"column":34},"end":{"line":17,"column":1}},"1":{"start":{"line":8,"column":2},"end":{"line":16,"column":4}}},"fnMap":{"0":{"name":"(anonymous_0)","decl":{"start":{"line":7,"column":34},"end":{"line":7,"column":35}},"loc":{"start":{"line":7,"column":40},"end":{"line":17,"column":1}},"line":7}},"branchMap":{},"s":{"0":2,"1":2},"f":{"0":2},"b":{},"_coverageSchema":"1a1c01bbd47fc00a2c39e90264f33305004495a9","hash":"696b46f03f310992aa5ba72b857eecc617330268"}
,"C:\\Users\\Pichau\\Documents\\Projetos\\my-tcc-app\\my-tcc-app\\src\\components\\CircularLoading\\styles.ts": {"path":"C:\\Users\\Pichau\\Documents\\Projetos\\my-tcc-app\\my-tcc-app\\src\\components\\CircularLoading\\styles.ts","statementMap":{"0":{"start":{"line":3,"column":25},"end":{"line":6,"column":1}}},"fnMap":{},"branchMap":{},"s":{"0":2},"f":{},"b":{},"_coverageSchema":"1a1c01bbd47fc00a2c39e90264f33305004495a9","hash":"1aedc61485e2fcf40c6e8e6ce12bab89960a5eae"}
,"C:\\Users\\Pichau\\Documents\\Projetos\\my-tcc-app\\my-tcc-app\\src\\components\\DocumentCard\\index.tsx": {"path":"C:\\Users\\Pichau\\Documents\\Projetos\\my-tcc-app\\my-tcc-app\\src\\components\\DocumentCard\\index.tsx","statementMap":{"0":{"start":{"line":16,"column":21},"end":{"line":16,"column":78}},"1":{"start":{"line":18,"column":2},"end":{"line":42,"column":4}},"2":{"start":{"line":20,"column":21},"end":{"line":20,"column":69}}},"fnMap":{"0":{"name":"DocumentCard","decl":{"start":{"line":15,"column":24},"end":{"line":15,"column":36}},"loc":{"start":{"line":15,"column":99},"end":{"line":43,"column":1}},"line":15},"1":{"name":"(anonymous_1)","decl":{"start":{"line":20,"column":15},"end":{"line":20,"column":16}},"loc":{"start":{"line":20,"column":21},"end":{"line":20,"column":69}},"line":20}},"branchMap":{"0":{"loc":{"start":{"line":31,"column":7},"end":{"line":36,"column":7}},"type":"binary-expr","locations":[{"start":{"line":31,"column":7},"end":{"line":31,"column":11}},{"start":{"line":32,"column":8},"end":{"line":35,"column":25}}],"line":31}},"s":{"0":5,"1":5,"2":1},"f":{"0":5,"1":1},"b":{"0":[5,2]},"_coverageSchema":"1a1c01bbd47fc00a2c39e90264f33305004495a9","hash":"5f2dbbb39abd43e86295456b9221aede4c236ef2"}
,"C:\\Users\\Pichau\\Documents\\Projetos\\my-tcc-app\\my-tcc-app\\src\\components\\DocumentCard\\styles.ts": {"path":"C:\\Users\\Pichau\\Documents\\Projetos\\my-tcc-app\\my-tcc-app\\src\\components\\DocumentCard\\styles.ts","statementMap":{"0":{"start":{"line":4,"column":25},"end":{"line":11,"column":1}},"1":{"start":{"line":13,"column":21},"end":{"line":18,"column":1}},"2":{"start":{"line":20,"column":27},"end":{"line":24,"column":1}},"3":{"start":{"line":26,"column":23},"end":{"line":29,"column":1}},"4":{"start":{"line":31,"column":26},"end":{"line":35,"column":1}},"5":{"start":{"line":37,"column":28},"end":{"line":37,"column":41}}},"fnMap":{},"branchMap":{},"s":{"0":2,"1":2,"2":2,"3":2,"4":2,"5":2},"f":{},"b":{},"_coverageSchema":"1a1c01bbd47fc00a2c39e90264f33305004495a9","hash":"b6c41654942acfb13552fe1cba45e3be981b4212"}
,"C:\\Users\\Pichau\\Documents\\Projetos\\my-tcc-app\\my-tcc-app\\src\\components\\EmptyDocument\\index.tsx": {"path":"C:\\Users\\Pichau\\Documents\\Projetos\\my-tcc-app\\my-tcc-app\\src\\components\\EmptyDocument\\index.tsx","statementMap":{"0":{"start":{"line":4,"column":32},"end":{"line":10,"column":1}},"1":{"start":{"line":5,"column":2},"end":{"line":9,"column":4}}},"fnMap":{"0":{"name":"(anonymous_0)","decl":{"start":{"line":4,"column":32},"end":{"line":4,"column":33}},"loc":{"start":{"line":4,"column":38},"end":{"line":10,"column":1}},"line":4}},"branchMap":{},"s":{"0":2,"1":3},"f":{"0":3},"b":{},"_coverageSchema":"1a1c01bbd47fc00a2c39e90264f33305004495a9","hash":"11d1497a170ce4b3947b7f1248d14f56813e36ef"}
,"C:\\Users\\Pichau\\Documents\\Projetos\\my-tcc-app\\my-tcc-app\\src\\components\\EmptyDocument\\styles.ts": {"path":"C:\\Users\\Pichau\\Documents\\Projetos\\my-tcc-app\\my-tcc-app\\src\\components\\EmptyDocument\\styles.ts","statementMap":{"0":{"start":{"line":4,"column":25},"end":{"line":9,"column":1}},"1":{"start":{"line":11,"column":20},"end":{"line":15,"column":1}}},"fnMap":{},"branchMap":{},"s":{"0":2,"1":2},"f":{},"b":{},"_coverageSchema":"1a1c01bbd47fc00a2c39e90264f33305004495a9","hash":"65aff44311caa965e9e48ffee6f2787c6634eb33"}
,"C:\\Users\\Pichau\\Documents\\Projetos\\my-tcc-app\\my-tcc-app\\src\\components\\ProgressBarCategory\\index.tsx": {"path":"C:\\Users\\Pichau\\Documents\\Projetos\\my-tcc-app\\my-tcc-app\\src\\components\\ProgressBarCategory\\index.tsx","statementMap":{"0":{"start":{"line":10,"column":64},"end":{"line":27,"column":1}},"1":{"start":{"line":11,"column":21},"end":{"line":11,"column":67}},"2":{"start":{"line":13,"column":2},"end":{"line":26,"column":4}}},"fnMap":{"0":{"name":"(anonymous_0)","decl":{"start":{"line":10,"column":64},"end":{"line":10,"column":65}},"loc":{"start":{"line":10,"column":110},"end":{"line":27,"column":1}},"line":10}},"branchMap":{},"s":{"0":1,"1":5,"2":5},"f":{"0":5},"b":{},"_coverageSchema":"1a1c01bbd47fc00a2c39e90264f33305004495a9","hash":"2731f0950a273b9df41c79dde56a48fce1cf6758"}
,"C:\\Users\\Pichau\\Documents\\Projetos\\my-tcc-app\\my-tcc-app\\src\\components\\ProgressBarCategory\\styles.ts": {"path":"C:\\Users\\Pichau\\Documents\\Projetos\\my-tcc-app\\my-tcc-app\\src\\components\\ProgressBarCategory\\styles.ts","statementMap":{"0":{"start":{"line":4,"column":25},"end":{"line":9,"column":1}},"1":{"start":{"line":11,"column":29},"end":{"line":19,"column":1}},"2":{"start":{"line":20,"column":23},"end":{"line":24,"column":1}},"3":{"start":{"line":21,"column":31},"end":{"line":21,"column":41}},"4":{"start":{"line":25,"column":29},"end":{"line":31,"column":1}},"5":{"start":{"line":32,"column":29},"end":{"line":37,"column":1}}},"fnMap":{"0":{"name":"(anonymous_0)","decl":{"start":{"line":21,"column":11},"end":{"line":21,"column":12}},"loc":{"start":{"line":21,"column":31},"end":{"line":21,"column":41}},"line":21}},"branchMap":{},"s":{"0":1,"1":1,"2":1,"3":5,"4":1,"5":1},"f":{"0":5},"b":{},"_coverageSchema":"1a1c01bbd47fc00a2c39e90264f33305004495a9","hash":"e469f104c492c002385d6cf1d0bc339810436906"}
,"C:\\Users\\Pichau\\Documents\\Projetos\\my-tcc-app\\my-tcc-app\\src\\components\\ProgressBarTotal\\index.tsx": {"path":"C:\\Users\\Pichau\\Documents\\Projetos\\my-tcc-app\\my-tcc-app\\src\\components\\ProgressBarTotal\\index.tsx","statementMap":{"0":{"start":{"line":9,"column":58},"end":{"line":26,"column":1}},"1":{"start":{"line":10,"column":21},"end":{"line":10,"column":67}},"2":{"start":{"line":12,"column":2},"end":{"line":25,"column":4}}},"fnMap":{"0":{"name":"(anonymous_0)","decl":{"start":{"line":9,"column":58},"end":{"line":9,"column":59}},"loc":{"start":{"line":9,"column":90},"end":{"line":26,"column":1}},"line":9}},"branchMap":{},"s":{"0":2,"1":7,"2":7},"f":{"0":7},"b":{},"_coverageSchema":"1a1c01bbd47fc00a2c39e90264f33305004495a9","hash":"aa70317f35935a5c62cf45af8ed57db1113f2982"}
,"C:\\Users\\Pichau\\Documents\\Projetos\\my-tcc-app\\my-tcc-app\\src\\components\\ProgressBarTotal\\styles.ts": {"path":"C:\\Users\\Pichau\\Documents\\Projetos\\my-tcc-app\\my-tcc-app\\src\\components\\ProgressBarTotal\\styles.ts","statementMap":{"0":{"start":{"line":4,"column":25},"end":{"line":7,"column":1}},"1":{"start":{"line":9,"column":29},"end":{"line":17,"column":1}},"2":{"start":{"line":19,"column":23},"end":{"line":23,"column":1}},"3":{"start":{"line":20,"column":31},"end":{"line":20,"column":41}},"4":{"start":{"line":25,"column":26},"end":{"line":31,"column":1}},"5":{"start":{"line":33,"column":26},"end":{"line":39,"column":1}}},"fnMap":{"0":{"name":"(anonymous_0)","decl":{"start":{"line":20,"column":11},"end":{"line":20,"column":12}},"loc":{"start":{"line":20,"column":31},"end":{"line":20,"column":41}},"line":20}},"branchMap":{},"s":{"0":2,"1":2,"2":2,"3":7,"4":2,"5":2},"f":{"0":7},"b":{},"_coverageSchema":"1a1c01bbd47fc00a2c39e90264f33305004495a9","hash":"49b5523039ff1e73535914d696db8e87b9b54d67"}
,"C:\\Users\\Pichau\\Documents\\Projetos\\my-tcc-app\\my-tcc-app\\src\\context\\documentsContext.tsx": {"path":"C:\\Users\\Pichau\\Documents\\Projetos\\my-tcc-app\\my-tcc-app\\src\\context\\documentsContext.tsx","statementMap":{"0":{"start":{"line":23,"column":25},"end":{"line":23,"column":83}},"1":{"start":{"line":29,"column":33},"end":{"line":114,"column":1}},"2":{"start":{"line":30,"column":30},"end":{"line":30,"column":48}},"3":{"start":{"line":31,"column":36},"end":{"line":31,"column":58}},"4":{"start":{"line":32,"column":46},"end":{"line":32,"column":77}},"5":{"start":{"line":33,"column":36},"end":{"line":33,"column":54}},"6":{"start":{"line":34,"column":32},"end":{"line":34,"column":50}},"7":{"start":{"line":35,"column":32},"end":{"line":35,"column":46}},"8":{"start":{"line":36,"column":70},"end":{"line":36,"column":91}},"9":{"start":{"line":38,"column":27},"end":{"line":45,"column":3}},"10":{"start":{"line":39,"column":19},"end":{"line":39,"column":30}},"11":{"start":{"line":40,"column":22},"end":{"line":40,"column":37}},"12":{"start":{"line":41,"column":4},"end":{"line":41,"column":28}},"13":{"start":{"line":42,"column":4},"end":{"line":42,"column":44}},"14":{"start":{"line":43,"column":4},"end":{"line":43,"column":37}},"15":{"start":{"line":44,"column":4},"end":{"line":44,"column":22}},"16":{"start":{"line":47,"column":25},"end":{"line":58,"column":3}},"17":{"start":{"line":48,"column":4},"end":{"line":57,"column":7}},"18":{"start":{"line":56,"column":6},"end":{"line":56,"column":25}},"19":{"start":{"line":60,"column":25},"end":{"line":64,"column":3}},"20":{"start":{"line":61,"column":4},"end":{"line":63,"column":7}},"21":{"start":{"line":62,"column":6},"end":{"line":62,"column":25}},"22":{"start":{"line":66,"column":25},"end":{"line":70,"column":3}},"23":{"start":{"line":67,"column":4},"end":{"line":69,"column":7}},"24":{"start":{"line":68,"column":6},"end":{"line":68,"column":25}},"25":{"start":{"line":72,"column":31},"end":{"line":82,"column":3}},"26":{"start":{"line":73,"column":23},"end":{"line":80,"column":6}},"27":{"start":{"line":74,"column":25},"end":{"line":74,"column":75}},"28":{"start":{"line":75,"column":6},"end":{"line":79,"column":8}},"29":{"start":{"line":81,"column":4},"end":{"line":81,"column":34}},"30":{"start":{"line":83,"column":24},"end":{"line":87,"column":3}},"31":{"start":{"line":84,"column":18},"end":{"line":84,"column":50}},"32":{"start":{"line":85,"column":4},"end":{"line":85,"column":24}},"33":{"start":{"line":86,"column":4},"end":{"line":86,"column":36}},"34":{"start":{"line":89,"column":20},"end":{"line":93,"column":3}},"35":{"start":{"line":90,"column":19},"end":{"line":90,"column":54}},"36":{"start":{"line":91,"column":4},"end":{"line":91,"column":22}},"37":{"start":{"line":92,"column":4},"end":{"line":92,"column":18}},"38":{"start":{"line":95,"column":2},"end":{"line":113,"column":4}},"39":{"start":{"line":117,"column":35},"end":{"line":123,"column":1}},"40":{"start":{"line":118,"column":18},"end":{"line":118,"column":46}},"41":{"start":{"line":119,"column":2},"end":{"line":121,"column":3}},"42":{"start":{"line":120,"column":4},"end":{"line":120,"column":82}},"43":{"start":{"line":122,"column":2},"end":{"line":122,"column":17}}},"fnMap":{"0":{"name":"(anonymous_0)","decl":{"start":{"line":29,"column":33},"end":{"line":29,"column":34}},"loc":{"start":{"line":29,"column":58},"end":{"line":114,"column":1}},"line":29},"1":{"name":"(anonymous_1)","decl":{"start":{"line":38,"column":27},"end":{"line":38,"column":28}},"loc":{"start":{"line":38,"column":39},"end":{"line":45,"column":3}},"line":38},"2":{"name":"(anonymous_2)","decl":{"start":{"line":47,"column":25},"end":{"line":47,"column":26}},"loc":{"start":{"line":47,"column":55},"end":{"line":58,"column":3}},"line":47},"3":{"name":"(anonymous_3)","decl":{"start":{"line":55,"column":12},"end":{"line":55,"column":13}},"loc":{"start":{"line":55,"column":18},"end":{"line":57,"column":5}},"line":55},"4":{"name":"(anonymous_4)","decl":{"start":{"line":60,"column":25},"end":{"line":60,"column":26}},"loc":{"start":{"line":60,"column":67},"end":{"line":64,"column":3}},"line":60},"5":{"name":"(anonymous_5)","decl":{"start":{"line":61,"column":32},"end":{"line":61,"column":33}},"loc":{"start":{"line":61,"column":38},"end":{"line":63,"column":5}},"line":61},"6":{"name":"(anonymous_6)","decl":{"start":{"line":66,"column":25},"end":{"line":66,"column":26}},"loc":{"start":{"line":66,"column":55},"end":{"line":70,"column":3}},"line":66},"7":{"name":"(anonymous_7)","decl":{"start":{"line":67,"column":46},"end":{"line":67,"column":47}},"loc":{"start":{"line":67,"column":52},"end":{"line":69,"column":5}},"line":67},"8":{"name":"(anonymous_8)","decl":{"start":{"line":72,"column":31},"end":{"line":72,"column":32}},"loc":{"start":{"line":72,"column":74},"end":{"line":82,"column":3}},"line":72},"9":{"name":"(anonymous_9)","decl":{"start":{"line":73,"column":45},"end":{"line":73,"column":46}},"loc":{"start":{"line":73,"column":58},"end":{"line":80,"column":5}},"line":73},"10":{"name":"(anonymous_10)","decl":{"start":{"line":83,"column":24},"end":{"line":83,"column":25}},"loc":{"start":{"line":83,"column":67},"end":{"line":87,"column":3}},"line":83},"11":{"name":"(anonymous_11)","decl":{"start":{"line":89,"column":20},"end":{"line":89,"column":21}},"loc":{"start":{"line":89,"column":26},"end":{"line":93,"column":3}},"line":89},"12":{"name":"(anonymous_12)","decl":{"start":{"line":117,"column":35},"end":{"line":117,"column":36}},"loc":{"start":{"line":117,"column":41},"end":{"line":123,"column":1}},"line":117}},"branchMap":{"0":{"loc":{"start":{"line":119,"column":2},"end":{"line":121,"column":3}},"type":"if","locations":[{"start":{"line":119,"column":2},"end":{"line":121,"column":3}},{"start":{},"end":{}}],"line":119}},"s":{"0":2,"1":2,"2":31,"3":31,"4":31,"5":31,"6":31,"7":31,"8":31,"9":31,"10":4,"11":4,"12":4,"13":4,"14":4,"15":4,"16":31,"17":1,"18":1,"19":31,"20":1,"21":1,"22":31,"23":1,"24":1,"25":31,"26":4,"27":8,"28":8,"29":4,"30":31,"31":4,"32":4,"33":4,"34":31,"35":5,"36":5,"37":5,"38":31,"39":2,"40":32,"41":32,"42":1,"43":31},"f":{"0":31,"1":4,"2":1,"3":1,"4":1,"5":1,"6":1,"7":1,"8":4,"9":8,"10":4,"11":5,"12":32},"b":{"0":[1,31]},"_coverageSchema":"1a1c01bbd47fc00a2c39e90264f33305004495a9","hash":"d0a04e17ccf3d197da1c02fb86194de5ee499d82"}
,"C:\\Users\\Pichau\\Documents\\Projetos\\my-tcc-app\\my-tcc-app\\src\\hooks\\useDocumentDetails.ts": {"path":"C:\\Users\\Pichau\\Documents\\Projetos\\my-tcc-app\\my-tcc-app\\src\\hooks\\useDocumentDetails.ts","statementMap":{"0":{"start":{"line":10,"column":34},"end":{"line":265,"column":1}},"1":{"start":{"line":11,"column":69},"end":{"line":11,"column":90}},"2":{"start":{"line":12,"column":21},"end":{"line":12,"column":78}},"3":{"start":{"line":13,"column":30},"end":{"line":13,"column":51}},"4":{"start":{"line":14,"column":36},"end":{"line":14,"column":48}},"5":{"start":{"line":15,"column":36},"end":{"line":15,"column":48}},"6":{"start":{"line":16,"column":26},"end":{"line":16,"column":38}},"7":{"start":{"line":17,"column":44},"end":{"line":17,"column":56}},"8":{"start":{"line":18,"column":38},"end":{"line":18,"column":50}},"9":{"start":{"line":19,"column":26},"end":{"line":19,"column":38}},"10":{"start":{"line":20,"column":32},"end":{"line":20,"column":46}},"11":{"start":{"line":21,"column":42},"end":{"line":21,"column":55}},"12":{"start":{"line":22,"column":62},"end":{"line":22,"column":73}},"13":{"start":{"line":23,"column":54},"end":{"line":23,"column":65}},"14":{"start":{"line":24,"column":44},"end":{"line":24,"column":59}},"15":{"start":{"line":25,"column":44},"end":{"line":25,"column":59}},"16":{"start":{"line":26,"column":52},"end":{"line":26,"column":67}},"17":{"start":{"line":27,"column":34},"end":{"line":27,"column":49}},"18":{"start":{"line":28,"column":34},"end":{"line":28,"column":49}},"19":{"start":{"line":30,"column":2},"end":{"line":35,"column":9}},"20":{"start":{"line":31,"column":4},"end":{"line":33,"column":5}},"21":{"start":{"line":32,"column":6},"end":{"line":32,"column":21}},"22":{"start":{"line":34,"column":4},"end":{"line":34,"column":22}},"23":{"start":{"line":37,"column":23},"end":{"line":47,"column":3}},"24":{"start":{"line":38,"column":26},"end":{"line":38,"column":56}},"25":{"start":{"line":39,"column":21},"end":{"line":39,"column":66}},"26":{"start":{"line":39,"column":48},"end":{"line":39,"column":65}},"27":{"start":{"line":40,"column":4},"end":{"line":40,"column":38}},"28":{"start":{"line":41,"column":4},"end":{"line":41,"column":77}},"29":{"start":{"line":42,"column":4},"end":{"line":42,"column":89}},"30":{"start":{"line":43,"column":4},"end":{"line":43,"column":40}},"31":{"start":{"line":44,"column":4},"end":{"line":44,"column":28}},"32":{"start":{"line":45,"column":4},"end":{"line":45,"column":58}},"33":{"start":{"line":46,"column":4},"end":{"line":46,"column":48}},"34":{"start":{"line":49,"column":23},"end":{"line":64,"column":3}},"35":{"start":{"line":50,"column":4},"end":{"line":63,"column":7}},"36":{"start":{"line":59,"column":10},"end":{"line":59,"column":29}},"37":{"start":{"line":60,"column":10},"end":{"line":60,"column":30}},"38":{"start":{"line":65,"column":23},"end":{"line":110,"column":3}},"39":{"start":{"line":66,"column":4},"end":{"line":66,"column":28}},"40":{"start":{"line":67,"column":4},"end":{"line":67,"column":28}},"41":{"start":{"line":68,"column":4},"end":{"line":68,"column":32}},"42":{"start":{"line":69,"column":4},"end":{"line":69,"column":23}},"43":{"start":{"line":70,"column":4},"end":{"line":70,"column":23}},"44":{"start":{"line":72,"column":15},"end":{"line":72,"column":20}},"45":{"start":{"line":74,"column":4},"end":{"line":77,"column":5}},"46":{"start":{"line":75,"column":6},"end":{"line":75,"column":29}},"47":{"start":{"line":76,"column":6},"end":{"line":76,"column":18}},"48":{"start":{"line":78,"column":4},"end":{"line":81,"column":5}},"49":{"start":{"line":79,"column":6},"end":{"line":79,"column":29}},"50":{"start":{"line":80,"column":6},"end":{"line":80,"column":18}},"51":{"start":{"line":82,"column":4},"end":{"line":87,"column":5}},"52":{"start":{"line":83,"column":6},"end":{"line":86,"column":7}},"53":{"start":{"line":84,"column":8},"end":{"line":84,"column":26}},"54":{"start":{"line":85,"column":8},"end":{"line":85,"column":20}},"55":{"start":{"line":88,"column":4},"end":{"line":91,"column":5}},"56":{"start":{"line":89,"column":6},"end":{"line":89,"column":33}},"57":{"start":{"line":90,"column":6},"end":{"line":90,"column":18}},"58":{"start":{"line":92,"column":4},"end":{"line":95,"column":5}},"59":{"start":{"line":93,"column":6},"end":{"line":93,"column":24}},"60":{"start":{"line":94,"column":6},"end":{"line":94,"column":18}},"61":{"start":{"line":97,"column":4},"end":{"line":100,"column":5}},"62":{"start":{"line":98,"column":6},"end":{"line":98,"column":71}},"63":{"start":{"line":99,"column":6},"end":{"line":99,"column":13}},"64":{"start":{"line":101,"column":4},"end":{"line":108,"column":7}},"65":{"start":{"line":109,"column":4},"end":{"line":109,"column":24}},"66":{"start":{"line":112,"column":23},"end":{"line":158,"column":3}},"67":{"start":{"line":113,"column":4},"end":{"line":113,"column":28}},"68":{"start":{"line":114,"column":4},"end":{"line":114,"column":28}},"69":{"start":{"line":115,"column":4},"end":{"line":115,"column":32}},"70":{"start":{"line":116,"column":4},"end":{"line":116,"column":23}},"71":{"start":{"line":117,"column":4},"end":{"line":117,"column":23}},"72":{"start":{"line":119,"column":15},"end":{"line":119,"column":20}},"73":{"start":{"line":121,"column":4},"end":{"line":124,"column":5}},"74":{"start":{"line":122,"column":6},"end":{"line":122,"column":29}},"75":{"start":{"line":123,"column":6},"end":{"line":123,"column":18}},"76":{"start":{"line":125,"column":4},"end":{"line":128,"column":5}},"77":{"start":{"line":126,"column":6},"end":{"line":126,"column":29}},"78":{"start":{"line":127,"column":6},"end":{"line":127,"column":18}},"79":{"start":{"line":129,"column":4},"end":{"line":134,"column":5}},"80":{"start":{"line":130,"column":6},"end":{"line":133,"column":7}},"81":{"start":{"line":131,"column":8},"end":{"line":131,"column":26}},"82":{"start":{"line":132,"column":8},"end":{"line":132,"column":20}},"83":{"start":{"line":135,"column":4},"end":{"line":138,"column":5}},"84":{"start":{"line":136,"column":6},"end":{"line":136,"column":33}},"85":{"start":{"line":137,"column":6},"end":{"line":137,"column":18}},"86":{"start":{"line":139,"column":4},"end":{"line":142,"column":5}},"87":{"start":{"line":140,"column":6},"end":{"line":140,"column":24}},"88":{"start":{"line":141,"column":6},"end":{"line":141,"column":18}},"89":{"start":{"line":144,"column":4},"end":{"line":147,"column":5}},"90":{"start":{"line":145,"column":6},"end":{"line":145,"column":71}},"91":{"start":{"line":146,"column":6},"end":{"line":146,"column":13}},"92":{"start":{"line":148,"column":4},"end":{"line":156,"column":7}},"93":{"start":{"line":157,"column":4},"end":{"line":157,"column":24}},"94":{"start":{"line":161,"column":4},"end":{"line":171,"column":5}},"95":{"start":{"line":162,"column":6},"end":{"line":168,"column":7}},"96":{"start":{"line":163,"column":8},"end":{"line":163,"column":17}},"97":{"start":{"line":164,"column":13},"end":{"line":168,"column":7}},"98":{"start":{"line":165,"column":8},"end":{"line":165,"column":17}},"99":{"start":{"line":167,"column":8},"end":{"line":167,"column":86}},"100":{"start":{"line":170,"column":6},"end":{"line":170,"column":17}},"101":{"start":{"line":175,"column":4},"end":{"line":178,"column":6}},"102":{"start":{"line":176,"column":37},"end":{"line":176,"column":59}},"103":{"start":{"line":176,"column":85},"end":{"line":176,"column":107}},"104":{"start":{"line":182,"column":4},"end":{"line":182,"column":28}},"105":{"start":{"line":183,"column":24},"end":{"line":183,"column":62}},"106":{"start":{"line":184,"column":18},"end":{"line":184,"column":87}},"107":{"start":{"line":185,"column":4},"end":{"line":185,"column":38}},"108":{"start":{"line":186,"column":4},"end":{"line":186,"column":17}},"109":{"start":{"line":190,"column":4},"end":{"line":190,"column":24}},"110":{"start":{"line":191,"column":4},"end":{"line":200,"column":5}},"111":{"start":{"line":192,"column":37},"end":{"line":192,"column":59}},"112":{"start":{"line":192,"column":85},"end":{"line":192,"column":103}},"113":{"start":{"line":195,"column":35},"end":{"line":197,"column":52}},"114":{"start":{"line":196,"column":21},"end":{"line":196,"column":43}},"115":{"start":{"line":197,"column":33},"end":{"line":197,"column":51}},"116":{"start":{"line":198,"column":6},"end":{"line":198,"column":77}},"117":{"start":{"line":199,"column":6},"end":{"line":199,"column":69}},"118":{"start":{"line":201,"column":4},"end":{"line":201,"column":25}},"119":{"start":{"line":205,"column":4},"end":{"line":205,"column":19}},"120":{"start":{"line":206,"column":28},"end":{"line":209,"column":46}},"121":{"start":{"line":207,"column":19},"end":{"line":207,"column":41}},"122":{"start":{"line":208,"column":31},"end":{"line":208,"column":53}},"123":{"start":{"line":209,"column":27},"end":{"line":209,"column":45}},"124":{"start":{"line":210,"column":4},"end":{"line":221,"column":5}},"125":{"start":{"line":211,"column":6},"end":{"line":211,"column":66}},"126":{"start":{"line":212,"column":6},"end":{"line":212,"column":58}},"127":{"start":{"line":214,"column":35},"end":{"line":216,"column":56}},"128":{"start":{"line":215,"column":21},"end":{"line":215,"column":43}},"129":{"start":{"line":216,"column":33},"end":{"line":216,"column":55}},"130":{"start":{"line":217,"column":6},"end":{"line":220,"column":7}},"131":{"start":{"line":218,"column":8},"end":{"line":218,"column":78}},"132":{"start":{"line":219,"column":8},"end":{"line":219,"column":70}},"133":{"start":{"line":222,"column":4},"end":{"line":222,"column":25}},"134":{"start":{"line":224,"column":2},"end":{"line":264,"column":4}}},"fnMap":{"0":{"name":"(anonymous_0)","decl":{"start":{"line":10,"column":34},"end":{"line":10,"column":35}},"loc":{"start":{"line":10,"column":66},"end":{"line":265,"column":1}},"line":10},"1":{"name":"(anonymous_1)","decl":{"start":{"line":30,"column":12},"end":{"line":30,"column":13}},"loc":{"start":{"line":30,"column":18},"end":{"line":35,"column":3}},"line":30},"2":{"name":"(anonymous_2)","decl":{"start":{"line":37,"column":23},"end":{"line":37,"column":24}},"loc":{"start":{"line":37,"column":35},"end":{"line":47,"column":3}},"line":37},"3":{"name":"(anonymous_3)","decl":{"start":{"line":39,"column":41},"end":{"line":39,"column":42}},"loc":{"start":{"line":39,"column":48},"end":{"line":39,"column":65}},"line":39},"4":{"name":"(anonymous_4)","decl":{"start":{"line":49,"column":23},"end":{"line":49,"column":24}},"loc":{"start":{"line":49,"column":45},"end":{"line":64,"column":3}},"line":49},"5":{"name":"(anonymous_5)","decl":{"start":{"line":58,"column":17},"end":{"line":58,"column":18}},"loc":{"start":{"line":58,"column":23},"end":{"line":61,"column":9}},"line":58},"6":{"name":"(anonymous_6)","decl":{"start":{"line":65,"column":23},"end":{"line":65,"column":24}},"loc":{"start":{"line":65,"column":35},"end":{"line":110,"column":3}},"line":65},"7":{"name":"(anonymous_7)","decl":{"start":{"line":112,"column":23},"end":{"line":112,"column":24}},"loc":{"start":{"line":112,"column":35},"end":{"line":158,"column":3}},"line":112},"8":{"name":"calcularHora","decl":{"start":{"line":160,"column":11},"end":{"line":160,"column":23}},"loc":{"start":{"line":160,"column":84},"end":{"line":172,"column":3}},"line":160},"9":{"name":"temTipo","decl":{"start":{"line":174,"column":11},"end":{"line":174,"column":18}},"loc":{"start":{"line":174,"column":35},"end":{"line":179,"column":3}},"line":174},"10":{"name":"(anonymous_10)","decl":{"start":{"line":176,"column":30},"end":{"line":176,"column":31}},"loc":{"start":{"line":176,"column":37},"end":{"line":176,"column":59}},"line":176},"11":{"name":"(anonymous_11)","decl":{"start":{"line":176,"column":78},"end":{"line":176,"column":79}},"loc":{"start":{"line":176,"column":85},"end":{"line":176,"column":107}},"line":176},"12":{"name":"handleHorasLancadasChange","decl":{"start":{"line":181,"column":11},"end":{"line":181,"column":36}},"loc":{"start":{"line":181,"column":52},"end":{"line":187,"column":3}},"line":181},"13":{"name":"handleAtividadeChange","decl":{"start":{"line":189,"column":11},"end":{"line":189,"column":32}},"loc":{"start":{"line":189,"column":83},"end":{"line":202,"column":3}},"line":189},"14":{"name":"(anonymous_14)","decl":{"start":{"line":192,"column":30},"end":{"line":192,"column":31}},"loc":{"start":{"line":192,"column":37},"end":{"line":192,"column":59}},"line":192},"15":{"name":"(anonymous_15)","decl":{"start":{"line":192,"column":78},"end":{"line":192,"column":79}},"loc":{"start":{"line":192,"column":85},"end":{"line":192,"column":103}},"line":192},"16":{"name":"(anonymous_16)","decl":{"start":{"line":196,"column":14},"end":{"line":196,"column":15}},"loc":{"start":{"line":196,"column":21},"end":{"line":196,"column":43}},"line":196},"17":{"name":"(anonymous_17)","decl":{"start":{"line":197,"column":26},"end":{"line":197,"column":27}},"loc":{"start":{"line":197,"column":33},"end":{"line":197,"column":51}},"line":197},"18":{"name":"handleTipoChange","decl":{"start":{"line":204,"column":11},"end":{"line":204,"column":27}},"loc":{"start":{"line":204,"column":97},"end":{"line":223,"column":3}},"line":204},"19":{"name":"(anonymous_19)","decl":{"start":{"line":207,"column":12},"end":{"line":207,"column":13}},"loc":{"start":{"line":207,"column":19},"end":{"line":207,"column":41}},"line":207},"20":{"name":"(anonymous_20)","decl":{"start":{"line":208,"column":24},"end":{"line":208,"column":25}},"loc":{"start":{"line":208,"column":31},"end":{"line":208,"column":53}},"line":208},"21":{"name":"(anonymous_21)","decl":{"start":{"line":209,"column":20},"end":{"line":209,"column":21}},"loc":{"start":{"line":209,"column":27},"end":{"line":209,"column":45}},"line":209},"22":{"name":"(anonymous_22)","decl":{"start":{"line":215,"column":14},"end":{"line":215,"column":15}},"loc":{"start":{"line":215,"column":21},"end":{"line":215,"column":43}},"line":215},"23":{"name":"(anonymous_23)","decl":{"start":{"line":216,"column":26},"end":{"line":216,"column":27}},"loc":{"start":{"line":216,"column":33},"end":{"line":216,"column":55}},"line":216}},"branchMap":{"0":{"loc":{"start":{"line":31,"column":4},"end":{"line":33,"column":5}},"type":"if","locations":[{"start":{"line":31,"column":4},"end":{"line":33,"column":5}},{"start":{},"end":{}}],"line":31},"1":{"loc":{"start":{"line":74,"column":4},"end":{"line":77,"column":5}},"type":"if","locations":[{"start":{"line":74,"column":4},"end":{"line":77,"column":5}},{"start":{},"end":{}}],"line":74},"2":{"loc":{"start":{"line":78,"column":4},"end":{"line":81,"column":5}},"type":"if","locations":[{"start":{"line":78,"column":4},"end":{"line":81,"column":5}},{"start":{},"end":{}}],"line":78},"3":{"loc":{"start":{"line":82,"column":4},"end":{"line":87,"column":5}},"type":"if","locations":[{"start":{"line":82,"column":4},"end":{"line":87,"column":5}},{"start":{},"end":{}}],"line":82},"4":{"loc":{"start":{"line":83,"column":6},"end":{"line":86,"column":7}},"type":"if","locations":[{"start":{"line":83,"column":6},"end":{"line":86,"column":7}},{"start":{},"end":{}}],"line":83},"5":{"loc":{"start":{"line":88,"column":4},"end":{"line":91,"column":5}},"type":"if","locations":[{"start":{"line":88,"column":4},"end":{"line":91,"column":5}},{"start":{},"end":{}}],"line":88},"6":{"loc":{"start":{"line":88,"column":8},"end":{"line":88,"column":81}},"type":"binary-expr","locations":[{"start":{"line":88,"column":8},"end":{"line":88,"column":21}},{"start":{"line":88,"column":25},"end":{"line":88,"column":52}},{"start":{"line":88,"column":56},"end":{"line":88,"column":81}}],"line":88},"7":{"loc":{"start":{"line":92,"column":4},"end":{"line":95,"column":5}},"type":"if","locations":[{"start":{"line":92,"column":4},"end":{"line":95,"column":5}},{"start":{},"end":{}}],"line":92},"8":{"loc":{"start":{"line":97,"column":4},"end":{"line":100,"column":5}},"type":"if","locations":[{"start":{"line":97,"column":4},"end":{"line":100,"column":5}},{"start":{},"end":{}}],"line":97},"9":{"loc":{"start":{"line":121,"column":4},"end":{"line":124,"column":5}},"type":"if","locations":[{"start":{"line":121,"column":4},"end":{"line":124,"column":5}},{"start":{},"end":{}}],"line":121},"10":{"loc":{"start":{"line":125,"column":4},"end":{"line":128,"column":5}},"type":"if","locations":[{"start":{"line":125,"column":4},"end":{"line":128,"column":5}},{"start":{},"end":{}}],"line":125},"11":{"loc":{"start":{"line":129,"column":4},"end":{"line":134,"column":5}},"type":"if","locations":[{"start":{"line":129,"column":4},"end":{"line":134,"column":5}},{"start":{},"end":{}}],"line":129},"12":{"loc":{"start":{"line":130,"column":6},"end":{"line":133,"column":7}},"type":"if","locations":[{"start":{"line":130,"column":6},"end":{"line":133,"column":7}},{"start":{},"end":{}}],"line":130},"13":{"loc":{"start":{"line":135,"column":4},"end":{"line":138,"column":5}},"type":"if","locations":[{"start":{"line":135,"column":4},"end":{"line":138,"column":5}},{"start":{},"end":{}}],"line":135},"14":{"loc":{"start":{"line":135,"column":8},"end":{"line":135,"column":81}},"type":"binary-expr","locations":[{"start":{"line":135,"column":8},"end":{"line":135,"column":21}},{"start":{"line":135,"column":25},"end":{"line":135,"column":52}},{"start":{"line":135,"column":56},"end":{"line":135,"column":81}}],"line":135},"15":{"loc":{"start":{"line":139,"column":4},"end":{"line":142,"column":5}},"type":"if","locations":[{"start":{"line":139,"column":4},"end":{"line":142,"column":5}},{"start":{},"end":{}}],"line":139},"16":{"loc":{"start":{"line":144,"column":4},"end":{"line":147,"column":5}},"type":"if","locations":[{"start":{"line":144,"column":4},"end":{"line":147,"column":5}},{"start":{},"end":{}}],"line":144},"17":{"loc":{"start":{"line":161,"column":4},"end":{"line":171,"column":5}},"type":"if","locations":[{"start":{"line":161,"column":4},"end":{"line":171,"column":5}},{"start":{"line":169,"column":11},"end":{"line":171,"column":5}}],"line":161},"18":{"loc":{"start":{"line":162,"column":6},"end":{"line":168,"column":7}},"type":"if","locations":[{"start":{"line":162,"column":6},"end":{"line":168,"column":7}},{"start":{"line":164,"column":13},"end":{"line":168,"column":7}}],"line":162},"19":{"loc":{"start":{"line":164,"column":13},"end":{"line":168,"column":7}},"type":"if","locations":[{"start":{"line":164,"column":13},"end":{"line":168,"column":7}},{"start":{"line":166,"column":13},"end":{"line":168,"column":7}}],"line":164},"20":{"loc":{"start":{"line":191,"column":4},"end":{"line":200,"column":5}},"type":"if","locations":[{"start":{"line":191,"column":4},"end":{"line":200,"column":5}},{"start":{},"end":{}}],"line":191},"21":{"loc":{"start":{"line":198,"column":32},"end":{"line":198,"column":75}},"type":"binary-expr","locations":[{"start":{"line":198,"column":32},"end":{"line":198,"column":70}},{"start":{"line":198,"column":74},"end":{"line":198,"column":75}}],"line":198},"22":{"loc":{"start":{"line":199,"column":28},"end":{"line":199,"column":67}},"type":"binary-expr","locations":[{"start":{"line":199,"column":28},"end":{"line":199,"column":62}},{"start":{"line":199,"column":66},"end":{"line":199,"column":67}}],"line":199},"23":{"loc":{"start":{"line":210,"column":4},"end":{"line":221,"column":5}},"type":"if","locations":[{"start":{"line":210,"column":4},"end":{"line":221,"column":5}},{"start":{"line":213,"column":11},"end":{"line":221,"column":5}}],"line":210},"24":{"loc":{"start":{"line":217,"column":6},"end":{"line":220,"column":7}},"type":"if","locations":[{"start":{"line":217,"column":6},"end":{"line":220,"column":7}},{"start":{},"end":{}}],"line":217},"25":{"loc":{"start":{"line":218,"column":34},"end":{"line":218,"column":76}},"type":"binary-expr","locations":[{"start":{"line":218,"column":34},"end":{"line":218,"column":71}},{"start":{"line":218,"column":75},"end":{"line":218,"column":76}}],"line":218},"26":{"loc":{"start":{"line":219,"column":30},"end":{"line":219,"column":68}},"type":"binary-expr","locations":[{"start":{"line":219,"column":30},"end":{"line":219,"column":63}},{"start":{"line":219,"column":67},"end":{"line":219,"column":68}}],"line":219}},"s":{"0":1,"1":144,"2":144,"3":144,"4":144,"5":144,"6":144,"7":144,"8":144,"9":144,"10":144,"11":144,"12":144,"13":144,"14":144,"15":144,"16":144,"17":144,"18":144,"19":144,"20":14,"21":5,"22":14,"23":144,"24":5,"25":5,"26":5,"27":5,"28":5,"29":5,"30":5,"31":5,"32":5,"33":5,"34":144,"35":2,"36":1,"37":1,"38":144,"39":2,"40":2,"41":2,"42":2,"43":2,"44":2,"45":2,"46":0,"47":0,"48":2,"49":0,"50":0,"51":2,"52":1,"53":1,"54":1,"55":2,"56":1,"57":1,"58":2,"59":1,"60":1,"61":2,"62":1,"63":1,"64":1,"65":1,"66":144,"67":2,"68":2,"69":2,"70":2,"71":2,"72":2,"73":2,"74":0,"75":0,"76":2,"77":0,"78":0,"79":2,"80":2,"81":0,"82":0,"83":2,"84":0,"85":0,"86":2,"87":1,"88":1,"89":2,"90":1,"91":1,"92":1,"93":1,"94":17,"95":14,"96":1,"97":13,"98":6,"99":7,"100":3,"101":8,"102":10,"103":9,"104":17,"105":17,"106":17,"107":17,"108":17,"109":11,"110":11,"111":12,"112":13,"113":11,"114":12,"115":13,"116":11,"117":11,"118":11,"119":8,"120":8,"121":8,"122":8,"123":10,"124":8,"125":7,"126":7,"127":1,"128":1,"129":1,"130":1,"131":1,"132":1,"133":8,"134":144},"f":{"0":144,"1":14,"2":5,"3":5,"4":2,"5":1,"6":2,"7":2,"8":17,"9":8,"10":10,"11":9,"12":17,"13":11,"14":12,"15":13,"16":12,"17":13,"18":8,"19":8,"20":8,"21":10,"22":1,"23":1},"b":{"0":[5,9],"1":[0,2],"2":[0,2],"3":[1,1],"4":[1,0],"5":[1,1],"6":[2,2,2],"7":[1,1],"8":[1,1],"9":[0,2],"10":[0,2],"11":[2,0],"12":[0,2],"13":[0,2],"14":[2,2,2],"15":[1,1],"16":[1,1],"17":[14,3],"18":[1,13],"19":[6,7],"20":[11,0],"21":[11,0],"22":[11,0],"23":[7,1],"24":[1,0],"25":[1,0],"26":[1,0]},"_coverageSchema":"1a1c01bbd47fc00a2c39e90264f33305004495a9","hash":"081d8560e56456c1287d05f5e9756961d04bd733"}
,"C:\\Users\\Pichau\\Documents\\Projetos\\my-tcc-app\\my-tcc-app\\src\\hooks\\usePDFScreen.ts": {"path":"C:\\Users\\Pichau\\Documents\\Projetos\\my-tcc-app\\my-tcc-app\\src\\hooks\\usePDFScreen.ts","statementMap":{"0":{"start":{"line":9,"column":28},"end":{"line":114,"column":1}},"1":{"start":{"line":10,"column":87},"end":{"line":10,"column":108}},"2":{"start":{"line":12,"column":2},"end":{"line":14,"column":9}},"3":{"start":{"line":13,"column":4},"end":{"line":13,"column":23}},"4":{"start":{"line":16,"column":26},"end":{"line":36,"column":3}},"5":{"start":{"line":17,"column":4},"end":{"line":35,"column":5}},"6":{"start":{"line":18,"column":34},"end":{"line":21,"column":8}},"7":{"start":{"line":23,"column":23},"end":{"line":23,"column":59}},"8":{"start":{"line":24,"column":26},"end":{"line":24,"column":65}},"9":{"start":{"line":26,"column":6},"end":{"line":29,"column":9}},"10":{"start":{"line":31,"column":6},"end":{"line":31,"column":44}},"11":{"start":{"line":33,"column":6},"end":{"line":33,"column":59}},"12":{"start":{"line":34,"column":6},"end":{"line":34,"column":27}},"13":{"start":{"line":38,"column":19},"end":{"line":51,"column":15}},"14":{"start":{"line":39,"column":22},"end":{"line":39,"column":60}},"15":{"start":{"line":41,"column":15},"end":{"line":49,"column":14}},"16":{"start":{"line":53,"column":34},"end":{"line":60,"column":15}},"17":{"start":{"line":55,"column":16},"end":{"line":58,"column":14}},"18":{"start":{"line":62,"column":4},"end":{"line":111,"column":6}},"19":{"start":{"line":113,"column":2},"end":{"line":113,"column":66}}},"fnMap":{"0":{"name":"(anonymous_0)","decl":{"start":{"line":9,"column":28},"end":{"line":9,"column":29}},"loc":{"start":{"line":9,"column":34},"end":{"line":114,"column":1}},"line":9},"1":{"name":"(anonymous_1)","decl":{"start":{"line":12,"column":12},"end":{"line":12,"column":13}},"loc":{"start":{"line":12,"column":18},"end":{"line":14,"column":3}},"line":12},"2":{"name":"(anonymous_2)","decl":{"start":{"line":16,"column":26},"end":{"line":16,"column":27}},"loc":{"start":{"line":16,"column":38},"end":{"line":36,"column":3}},"line":16},"3":{"name":"gerarHtmlTabela","decl":{"start":{"line":37,"column":11},"end":{"line":37,"column":26}},"loc":{"start":{"line":37,"column":111},"end":{"line":112,"column":3}},"line":37},"4":{"name":"(anonymous_4)","decl":{"start":{"line":39,"column":12},"end":{"line":39,"column":13}},"loc":{"start":{"line":39,"column":22},"end":{"line":39,"column":60}},"line":39},"5":{"name":"(anonymous_5)","decl":{"start":{"line":41,"column":8},"end":{"line":41,"column":9}},"loc":{"start":{"line":41,"column":15},"end":{"line":49,"column":14}},"line":41},"6":{"name":"(anonymous_6)","decl":{"start":{"line":55,"column":8},"end":{"line":55,"column":9}},"loc":{"start":{"line":55,"column":16},"end":{"line":58,"column":14}},"line":55}},"branchMap":{"0":{"loc":{"start":{"line":45,"column":16},"end":{"line":45,"column":31}},"type":"binary-expr","locations":[{"start":{"line":45,"column":16},"end":{"line":45,"column":24}},{"start":{"line":45,"column":28},"end":{"line":45,"column":31}}],"line":45},"1":{"loc":{"start":{"line":47,"column":16},"end":{"line":47,"column":37}},"type":"binary-expr","locations":[{"start":{"line":47,"column":16},"end":{"line":47,"column":30}},{"start":{"line":47,"column":34},"end":{"line":47,"column":37}}],"line":47}},"s":{"0":1,"1":3,"2":3,"3":3,"4":3,"5":0,"6":0,"7":0,"8":0,"9":0,"10":0,"11":0,"12":0,"13":2,"14":3,"15":3,"16":2,"17":2,"18":2,"19":3},"f":{"0":3,"1":3,"2":0,"3":2,"4":3,"5":3,"6":2},"b":{"0":[3,1],"1":[3,0]},"_coverageSchema":"1a1c01bbd47fc00a2c39e90264f33305004495a9","hash":"203bb245315b322e0afeba01cfffac99490df017"}
,"C:\\Users\\Pichau\\Documents\\Projetos\\my-tcc-app\\my-tcc-app\\src\\models\\barema.ts": {"path":"C:\\Users\\Pichau\\Documents\\Projetos\\my-tcc-app\\my-tcc-app\\src\\models\\barema.ts","statementMap":{},"fnMap":{},"branchMap":{},"s":{},"f":{},"b":{}}
,"C:\\Users\\Pichau\\Documents\\Projetos\\my-tcc-app\\my-tcc-app\\src\\models\\document.ts": {"path":"C:\\Users\\Pichau\\Documents\\Projetos\\my-tcc-app\\my-tcc-app\\src\\models\\document.ts","statementMap":{},"fnMap":{},"branchMap":{},"s":{},"f":{},"b":{}}
,"C:\\Users\\Pichau\\Documents\\Projetos\\my-tcc-app\\my-tcc-app\\src\\navigation\\drawer.routes.tsx": {"path":"C:\\Users\\Pichau\\Documents\\Projetos\\my-tcc-app\\my-tcc-app\\src\\navigation\\drawer.routes.tsx","statementMap":{"0":{"start":{"line":11,"column":17},"end":{"line":11,"column":40}},"1":{"start":{"line":13,"column":2},"end":{"line":77,"column":4}},"2":{"start":{"line":40,"column":12},"end":{"line":44,"column":14}},"3":{"start":{"line":54,"column":12},"end":{"line":58,"column":14}},"4":{"start":{"line":68,"column":12},"end":{"line":72,"column":14}}},"fnMap":{"0":{"name":"DrawerRoute","decl":{"start":{"line":10,"column":24},"end":{"line":10,"column":35}},"loc":{"start":{"line":10,"column":38},"end":{"line":78,"column":1}},"line":10},"1":{"name":"(anonymous_1)","decl":{"start":{"line":39,"column":22},"end":{"line":39,"column":23}},"loc":{"start":{"line":40,"column":12},"end":{"line":44,"column":14}},"line":40},"2":{"name":"(anonymous_2)","decl":{"start":{"line":53,"column":22},"end":{"line":53,"column":23}},"loc":{"start":{"line":54,"column":12},"end":{"line":58,"column":14}},"line":54},"3":{"name":"(anonymous_3)","decl":{"start":{"line":67,"column":22},"end":{"line":67,"column":23}},"loc":{"start":{"line":68,"column":12},"end":{"line":72,"column":14}},"line":68}},"branchMap":{},"s":{"0":8,"1":8,"2":8,"3":8,"4":8},"f":{"0":8,"1":8,"2":8,"3":8},"b":{},"_coverageSchema":"1a1c01bbd47fc00a2c39e90264f33305004495a9","hash":"00efcf6626158e8713be99a4f3546536878dfa19"}
,"C:\\Users\\Pichau\\Documents\\Projetos\\my-tcc-app\\my-tcc-app\\src\\navigation\\stack.routes.tsx": {"path":"C:\\Users\\Pichau\\Documents\\Projetos\\my-tcc-app\\my-tcc-app\\src\\navigation\\stack.routes.tsx","statementMap":{"0":{"start":{"line":7,"column":16},"end":{"line":7,"column":58}},"1":{"start":{"line":8,"column":2},"end":{"line":19,"column":4}}},"fnMap":{"0":{"name":"StackRoute","decl":{"start":{"line":6,"column":24},"end":{"line":6,"column":34}},"loc":{"start":{"line":6,"column":37},"end":{"line":20,"column":1}},"line":6}},"branchMap":{},"s":{"0":4,"1":4},"f":{"0":4},"b":{},"_coverageSchema":"1a1c01bbd47fc00a2c39e90264f33305004495a9","hash":"afa4e63c24454c6ebcdb77dfbdcde5c13f5d7bab"}
,"C:\\Users\\Pichau\\Documents\\Projetos\\my-tcc-app\\my-tcc-app\\src\\navigation\\types\\navigation.ts": {"path":"C:\\Users\\Pichau\\Documents\\Projetos\\my-tcc-app\\my-tcc-app\\src\\navigation\\types\\navigation.ts","statementMap":{},"fnMap":{},"branchMap":{},"s":{},"f":{},"b":{}}
,"C:\\Users\\Pichau\\Documents\\Projetos\\my-tcc-app\\my-tcc-app\\src\\screens\\DocumentDetails\\index.tsx": {"path":"C:\\Users\\Pichau\\Documents\\Projetos\\my-tcc-app\\my-tcc-app\\src\\screens\\DocumentDetails\\index.tsx","statementMap":{"0":{"start":{"line":9,"column":21},"end":{"line":9,"column":33}},"1":{"start":{"line":37,"column":6},"end":{"line":37,"column":32}},"2":{"start":{"line":39,"column":2},"end":{"line":175,"column":4}},"3":{"start":{"line":49,"column":40},"end":{"line":49,"column":63}},"4":{"start":{"line":56,"column":14},"end":{"line":60,"column":16}},"5":{"start":{"line":69,"column":40},"end":{"line":69,"column":92}},"6":{"start":{"line":76,"column":27},"end":{"line":76,"column":49}},"7":{"start":{"line":78,"column":16},"end":{"line":83,"column":18}},"8":{"start":{"line":93,"column":40},"end":{"line":93,"column":98}},"9":{"start":{"line":102,"column":27},"end":{"line":102,"column":49}},"10":{"start":{"line":103,"column":39},"end":{"line":103,"column":61}},"11":{"start":{"line":105,"column":16},"end":{"line":109,"column":18}},"12":{"start":{"line":133,"column":37},"end":{"line":133,"column":69}},"13":{"start":{"line":168,"column":27},"end":{"line":168,"column":47}}},"fnMap":{"0":{"name":"DocumentDetails","decl":{"start":{"line":8,"column":24},"end":{"line":8,"column":39}},"loc":{"start":{"line":8,"column":90},"end":{"line":176,"column":1}},"line":8},"1":{"name":"(anonymous_1)","decl":{"start":{"line":49,"column":27},"end":{"line":49,"column":28}},"loc":{"start":{"line":49,"column":40},"end":{"line":49,"column":63}},"line":49},"2":{"name":"(anonymous_2)","decl":{"start":{"line":55,"column":36},"end":{"line":55,"column":37}},"loc":{"start":{"line":56,"column":14},"end":{"line":60,"column":16}},"line":56},"3":{"name":"(anonymous_3)","decl":{"start":{"line":69,"column":27},"end":{"line":69,"column":28}},"loc":{"start":{"line":69,"column":40},"end":{"line":69,"column":92}},"line":69},"4":{"name":"(anonymous_4)","decl":{"start":{"line":76,"column":20},"end":{"line":76,"column":21}},"loc":{"start":{"line":76,"column":27},"end":{"line":76,"column":49}},"line":76},"5":{"name":"(anonymous_5)","decl":{"start":{"line":77,"column":31},"end":{"line":77,"column":32}},"loc":{"start":{"line":78,"column":16},"end":{"line":83,"column":18}},"line":78},"6":{"name":"(anonymous_6)","decl":{"start":{"line":93,"column":27},"end":{"line":93,"column":28}},"loc":{"start":{"line":93,"column":40},"end":{"line":93,"column":98}},"line":93},"7":{"name":"(anonymous_7)","decl":{"start":{"line":102,"column":20},"end":{"line":102,"column":21}},"loc":{"start":{"line":102,"column":27},"end":{"line":102,"column":49}},"line":102},"8":{"name":"(anonymous_8)","decl":{"start":{"line":103,"column":32},"end":{"line":103,"column":33}},"loc":{"start":{"line":103,"column":39},"end":{"line":103,"column":61}},"line":103},"9":{"name":"(anonymous_9)","decl":{"start":{"line":104,"column":27},"end":{"line":104,"column":28}},"loc":{"start":{"line":105,"column":16},"end":{"line":109,"column":18}},"line":105},"10":{"name":"(anonymous_10)","decl":{"start":{"line":133,"column":28},"end":{"line":133,"column":29}},"loc":{"start":{"line":133,"column":37},"end":{"line":133,"column":69}},"line":133},"11":{"name":"(anonymous_11)","decl":{"start":{"line":168,"column":21},"end":{"line":168,"column":22}},"loc":{"start":{"line":168,"column":27},"end":{"line":168,"column":47}},"line":168}},"branchMap":{"0":{"loc":{"start":{"line":39,"column":9},"end":{"line":175,"column":3}},"type":"cond-expr","locations":[{"start":{"line":40,"column":4},"end":{"line":40,"column":39}},{"start":{"line":42,"column":4},"end":{"line":174,"column":24}}],"line":39},"1":{"loc":{"start":{"line":45,"column":49},"end":{"line":45,"column":79}},"type":"cond-expr","locations":[{"start":{"line":45,"column":65},"end":{"line":45,"column":70}},{"start":{"line":45,"column":73},"end":{"line":45,"column":79}}],"line":45},"2":{"loc":{"start":{"line":65,"column":49},"end":{"line":65,"column":79}},"type":"cond-expr","locations":[{"start":{"line":65,"column":65},"end":{"line":65,"column":70}},{"start":{"line":65,"column":73},"end":{"line":65,"column":79}}],"line":65},"3":{"loc":{"start":{"line":89,"column":49},"end":{"line":89,"column":74}},"type":"cond-expr","locations":[{"start":{"line":89,"column":60},"end":{"line":89,"column":65}},{"start":{"line":89,"column":68},"end":{"line":89,"column":74}}],"line":89},"4":{"loc":{"start":{"line":97,"column":30},"end":{"line":97,"column":68}},"type":"cond-expr","locations":[{"start":{"line":97,"column":49},"end":{"line":97,"column":56}},{"start":{"line":97,"column":59},"end":{"line":97,"column":68}}],"line":97},"5":{"loc":{"start":{"line":134,"column":36},"end":{"line":134,"column":70}},"type":"cond-expr","locations":[{"start":{"line":134,"column":56},"end":{"line":134,"column":61}},{"start":{"line":134,"column":64},"end":{"line":134,"column":70}}],"line":134},"6":{"loc":{"start":{"line":155,"column":32},"end":{"line":155,"column":57}},"type":"cond-expr","locations":[{"start":{"line":155,"column":43},"end":{"line":155,"column":48}},{"start":{"line":155,"column":51},"end":{"line":155,"column":57}}],"line":155},"7":{"loc":{"start":{"line":160,"column":19},"end":{"line":160,"column":55}},"type":"cond-expr","locations":[{"start":{"line":160,"column":28},"end":{"line":160,"column":40}},{"start":{"line":160,"column":43},"end":{"line":160,"column":55}}],"line":160},"8":{"loc":{"start":{"line":165,"column":9},"end":{"line":172,"column":9}},"type":"binary-expr","locations":[{"start":{"line":165,"column":9},"end":{"line":165,"column":15}},{"start":{"line":166,"column":10},"end":{"line":171,"column":21}}],"line":165}},"s":{"0":0,"1":0,"2":0,"3":0,"4":0,"5":0,"6":0,"7":0,"8":0,"9":0,"10":0,"11":0,"12":0,"13":0},"f":{"0":0,"1":0,"2":0,"3":0,"4":0,"5":0,"6":0,"7":0,"8":0,"9":0,"10":0,"11":0},"b":{"0":[0,0],"1":[0,0],"2":[0,0],"3":[0,0],"4":[0,0],"5":[0,0],"6":[0,0],"7":[0,0],"8":[0,0]}}
,"C:\\Users\\Pichau\\Documents\\Projetos\\my-tcc-app\\my-tcc-app\\src\\screens\\DocumentDetails\\styles.ts": {"path":"C:\\Users\\Pichau\\Documents\\Projetos\\my-tcc-app\\my-tcc-app\\src\\screens\\DocumentDetails\\styles.ts","statementMap":{"0":{"start":{"line":5,"column":31},"end":{"line":7,"column":1}},"1":{"start":{"line":9,"column":25},"end":{"line":12,"column":1}},"2":{"start":{"line":14,"column":21},"end":{"line":18,"column":1}},"3":{"start":{"line":20,"column":21},"end":{"line":26,"column":1}},"4":{"start":{"line":28,"column":31},"end":{"line":32,"column":1}},"5":{"start":{"line":34,"column":35},"end":{"line":36,"column":1}},"6":{"start":{"line":38,"column":30},"end":{"line":42,"column":1}},"7":{"start":{"line":44,"column":24},"end":{"line":44,"column":37}},"8":{"start":{"line":46,"column":26},"end":{"line":49,"column":1}},"9":{"start":{"line":51,"column":26},"end":{"line":56,"column":1}},"10":{"start":{"line":57,"column":28},"end":{"line":61,"column":1}},"11":{"start":{"line":63,"column":22},"end":{"line":69,"column":1}},"12":{"start":{"line":64,"column":32},"end":{"line":64,"column":102}},"13":{"start":{"line":71,"column":26},"end":{"line":74,"column":1}},"14":{"start":{"line":76,"column":21},"end":{"line":83,"column":1}},"15":{"start":{"line":85,"column":24},"end":{"line":89,"column":1}},"16":{"start":{"line":87,"column":35},"end":{"line":87,"column":63}},"17":{"start":{"line":91,"column":27},"end":{"line":97,"column":1}},"18":{"start":{"line":99,"column":25},"end":{"line":104,"column":1}}},"fnMap":{"0":{"name":"(anonymous_0)","decl":{"start":{"line":64,"column":22},"end":{"line":64,"column":23}},"loc":{"start":{"line":64,"column":32},"end":{"line":64,"column":102}},"line":64},"1":{"name":"(anonymous_1)","decl":{"start":{"line":87,"column":25},"end":{"line":87,"column":26}},"loc":{"start":{"line":87,"column":35},"end":{"line":87,"column":63}},"line":87}},"branchMap":{"0":{"loc":{"start":{"line":64,"column":32},"end":{"line":64,"column":102}},"type":"cond-expr","locations":[{"start":{"line":64,"column":45},"end":{"line":64,"column":70}},{"start":{"line":64,"column":73},"end":{"line":64,"column":102}}],"line":64},"1":{"loc":{"start":{"line":87,"column":35},"end":{"line":87,"column":63}},"type":"cond-expr","locations":[{"start":{"line":87,"column":50},"end":{"line":87,"column":55}},{"start":{"line":87,"column":58},"end":{"line":87,"column":63}}],"line":87}},"s":{"0":0,"1":0,"2":0,"3":0,"4":0,"5":0,"6":0,"7":0,"8":0,"9":0,"10":0,"11":0,"12":0,"13":0,"14":0,"15":0,"16":0,"17":0,"18":0},"f":{"0":0,"1":0},"b":{"0":[0,0],"1":[0,0]}}
,"C:\\Users\\Pichau\\Documents\\Projetos\\my-tcc-app\\my-tcc-app\\src\\screens\\DocumentScreen\\index.tsx": {"path":"C:\\Users\\Pichau\\Documents\\Projetos\\my-tcc-app\\my-tcc-app\\src\\screens\\DocumentScreen\\index.tsx","statementMap":{"0":{"start":{"line":14,"column":21},"end":{"line":14,"column":78}},"1":{"start":{"line":15,"column":42},"end":{"line":15,"column":63}},"2":{"start":{"line":17,"column":2},"end":{"line":19,"column":9}},"3":{"start":{"line":18,"column":4},"end":{"line":18,"column":23}},"4":{"start":{"line":22,"column":4},"end":{"line":30,"column":6}},"5":{"start":{"line":32,"column":2},"end":{"line":54,"column":4}},"6":{"start":{"line":45,"column":23},"end":{"line":45,"column":59}}},"fnMap":{"0":{"name":"DocumentScreen","decl":{"start":{"line":13,"column":24},"end":{"line":13,"column":38}},"loc":{"start":{"line":13,"column":41},"end":{"line":55,"column":1}},"line":13},"1":{"name":"(anonymous_1)","decl":{"start":{"line":17,"column":12},"end":{"line":17,"column":13}},"loc":{"start":{"line":17,"column":18},"end":{"line":19,"column":3}},"line":17},"2":{"name":"renderItem","decl":{"start":{"line":21,"column":11},"end":{"line":21,"column":21}},"loc":{"start":{"line":21,"column":52},"end":{"line":31,"column":3}},"line":21},"3":{"name":"(anonymous_3)","decl":{"start":{"line":45,"column":17},"end":{"line":45,"column":18}},"loc":{"start":{"line":45,"column":23},"end":{"line":45,"column":59}},"line":45}},"branchMap":{"0":{"loc":{"start":{"line":34,"column":7},"end":{"line":41,"column":7}},"type":"cond-expr","locations":[{"start":{"line":35,"column":8},"end":{"line":35,"column":39}},{"start":{"line":37,"column":8},"end":{"line":40,"column":20}}],"line":34}},"s":{"0":3,"1":3,"2":3,"3":3,"4":1,"5":3,"6":1},"f":{"0":3,"1":3,"2":1,"3":1},"b":{"0":[2,1]},"_coverageSchema":"1a1c01bbd47fc00a2c39e90264f33305004495a9","hash":"91a3287cb3806b3e1bd56b2fca1b4e63fcfc3e3f"}
,"C:\\Users\\Pichau\\Documents\\Projetos\\my-tcc-app\\my-tcc-app\\src\\screens\\DocumentScreen\\styles.ts": {"path":"C:\\Users\\Pichau\\Documents\\Projetos\\my-tcc-app\\my-tcc-app\\src\\screens\\DocumentScreen\\styles.ts","statementMap":{"0":{"start":{"line":4,"column":25},"end":{"line":9,"column":1}},"1":{"start":{"line":11,"column":31},"end":{"line":13,"column":1}},"2":{"start":{"line":15,"column":31},"end":{"line":25,"column":1}}},"fnMap":{},"branchMap":{},"s":{"0":1,"1":1,"2":1},"f":{},"b":{},"_coverageSchema":"1a1c01bbd47fc00a2c39e90264f33305004495a9","hash":"1e85b0a15de7ecdafcf0303e068ead05f18405a8"}
,"C:\\Users\\Pichau\\Documents\\Projetos\\my-tcc-app\\my-tcc-app\\src\\screens\\HourScreen\\index.tsx": {"path":"C:\\Users\\Pichau\\Documents\\Projetos\\my-tcc-app\\my-tcc-app\\src\\screens\\HourScreen\\index.tsx","statementMap":{"0":{"start":{"line":11,"column":75},"end":{"line":11,"column":96}},"1":{"start":{"line":13,"column":2},"end":{"line":15,"column":9}},"2":{"start":{"line":14,"column":4},"end":{"line":14,"column":23}},"3":{"start":{"line":17,"column":21},"end":{"line":25,"column":3}},"4":{"start":{"line":18,"column":4},"end":{"line":24,"column":6}},"5":{"start":{"line":27,"column":2},"end":{"line":42,"column":4}}},"fnMap":{"0":{"name":"HourScreen","decl":{"start":{"line":10,"column":24},"end":{"line":10,"column":34}},"loc":{"start":{"line":10,"column":37},"end":{"line":43,"column":1}},"line":10},"1":{"name":"(anonymous_1)","decl":{"start":{"line":13,"column":12},"end":{"line":13,"column":13}},"loc":{"start":{"line":13,"column":18},"end":{"line":15,"column":3}},"line":13},"2":{"name":"(anonymous_2)","decl":{"start":{"line":17,"column":21},"end":{"line":17,"column":22}},"loc":{"start":{"line":17,"column":64},"end":{"line":25,"column":3}},"line":17}},"branchMap":{"0":{"loc":{"start":{"line":27,"column":9},"end":{"line":42,"column":3}},"type":"cond-expr","locations":[{"start":{"line":28,"column":4},"end":{"line":28,"column":39}},{"start":{"line":30,"column":4},"end":{"line":41,"column":18}}],"line":27}},"s":{"0":3,"1":3,"2":3,"3":3,"4":4,"5":3},"f":{"0":3,"1":3,"2":4},"b":{"0":[1,2]},"_coverageSchema":"1a1c01bbd47fc00a2c39e90264f33305004495a9","hash":"5d62238fdd7674aa4c00dafe3ea3951767c02b09"}
,"C:\\Users\\Pichau\\Documents\\Projetos\\my-tcc-app\\my-tcc-app\\src\\screens\\HourScreen\\styles.ts": {"path":"C:\\Users\\Pichau\\Documents\\Projetos\\my-tcc-app\\my-tcc-app\\src\\screens\\HourScreen\\styles.ts","statementMap":{"0":{"start":{"line":4,"column":25},"end":{"line":8,"column":1}},"1":{"start":{"line":10,"column":20},"end":{"line":17,"column":1}},"2":{"start":{"line":19,"column":21},"end":{"line":26,"column":1}}},"fnMap":{},"branchMap":{},"s":{"0":1,"1":1,"2":1},"f":{},"b":{},"_coverageSchema":"1a1c01bbd47fc00a2c39e90264f33305004495a9","hash":"2128b39f898f0b6eebc99becf019012872104946"}
,"C:\\Users\\Pichau\\Documents\\Projetos\\my-tcc-app\\my-tcc-app\\src\\screens\\PDFScreen\\index.tsx": {"path":"C:\\Users\\Pichau\\Documents\\Projetos\\my-tcc-app\\my-tcc-app\\src\\screens\\PDFScreen\\index.tsx","statementMap":{"0":{"start":{"line":6,"column":18},"end":{"line":58,"column":1}},"1":{"start":{"line":7,"column":69},"end":{"line":7,"column":90}},"2":{"start":{"line":8,"column":30},"end":{"line":8,"column":44}},"3":{"start":{"line":10,"column":2},"end":{"line":57,"column":4}},"4":{"start":{"line":24,"column":12},"end":{"line":26,"column":21}},"5":{"start":{"line":37,"column":28},"end":{"line":37,"column":66}},"6":{"start":{"line":39,"column":14},"end":{"line":49,"column":22}}},"fnMap":{"0":{"name":"(anonymous_0)","decl":{"start":{"line":6,"column":18},"end":{"line":6,"column":19}},"loc":{"start":{"line":6,"column":24},"end":{"line":58,"column":1}},"line":6},"1":{"name":"(anonymous_1)","decl":{"start":{"line":23,"column":31},"end":{"line":23,"column":32}},"loc":{"start":{"line":24,"column":12},"end":{"line":26,"column":21}},"line":24},"2":{"name":"(anonymous_2)","decl":{"start":{"line":37,"column":18},"end":{"line":37,"column":19}},"loc":{"start":{"line":37,"column":28},"end":{"line":37,"column":66}},"line":37},"3":{"name":"(anonymous_3)","decl":{"start":{"line":38,"column":17},"end":{"line":38,"column":18}},"loc":{"start":{"line":39,"column":14},"end":{"line":49,"column":22}},"line":39}},"branchMap":{"0":{"loc":{"start":{"line":45,"column":25},"end":{"line":45,"column":40}},"type":"binary-expr","locations":[{"start":{"line":45,"column":25},"end":{"line":45,"column":33}},{"start":{"line":45,"column":37},"end":{"line":45,"column":40}}],"line":45}},"s":{"0":1,"1":4,"2":4,"3":4,"4":6,"5":9,"6":9},"f":{"0":4,"1":6,"2":9,"3":9},"b":{"0":[9,3]},"_coverageSchema":"1a1c01bbd47fc00a2c39e90264f33305004495a9","hash":"fd04ac8c985606a2f76eb278a8ae4401c5c1fd95"}
,"C:\\Users\\Pichau\\Documents\\Projetos\\my-tcc-app\\my-tcc-app\\src\\screens\\PDFScreen\\styles.ts": {"path":"C:\\Users\\Pichau\\Documents\\Projetos\\my-tcc-app\\my-tcc-app\\src\\screens\\PDFScreen\\styles.ts","statementMap":{"0":{"start":{"line":4,"column":25},"end":{"line":8,"column":1}},"1":{"start":{"line":9,"column":22},"end":{"line":15,"column":1}},"2":{"start":{"line":17,"column":26},"end":{"line":20,"column":1}},"3":{"start":{"line":22,"column":31},"end":{"line":22,"column":50}},"4":{"start":{"line":24,"column":21},"end":{"line":27,"column":1}},"5":{"start":{"line":29,"column":19},"end":{"line":33,"column":1}},"6":{"start":{"line":35,"column":26},"end":{"line":41,"column":1}},"7":{"start":{"line":43,"column":20},"end":{"line":47,"column":1}}},"fnMap":{},"branchMap":{},"s":{"0":1,"1":1,"2":1,"3":1,"4":1,"5":1,"6":1,"7":1},"f":{},"b":{},"_coverageSchema":"1a1c01bbd47fc00a2c39e90264f33305004495a9","hash":"306e546425d4b681587bd60604f4217a354ed920"}
,"C:\\Users\\Pichau\\Documents\\Projetos\\my-tcc-app\\my-tcc-app\\src\\service\\Database.ts": {"path":"C:\\Users\\Pichau\\Documents\\Projetos\\my-tcc-app\\my-tcc-app\\src\\service\\Database.ts","statementMap":{"0":{"start":{"line":4,"column":2},"end":{"line":14,"column":3}}},"fnMap":{"0":{"name":"initializeDatabase","decl":{"start":{"line":3,"column":22},"end":{"line":3,"column":40}},"loc":{"start":{"line":3,"column":61},"end":{"line":15,"column":1}},"line":3}},"branchMap":{},"s":{"0":3},"f":{"0":3},"b":{},"_coverageSchema":"1a1c01bbd47fc00a2c39e90264f33305004495a9","hash":"eec7bde71f0021f7b3fd893d04c7287cc86fee01"}
,"C:\\Users\\Pichau\\Documents\\Projetos\\my-tcc-app\\my-tcc-app\\src\\service\\useDocumentDatabase.ts": {"path":"C:\\Users\\Pichau\\Documents\\Projetos\\my-tcc-app\\my-tcc-app\\src\\service\\useDocumentDatabase.ts","statementMap":{"0":{"start":{"line":6,"column":13},"end":{"line":6,"column":31}},"1":{"start":{"line":9,"column":4},"end":{"line":18,"column":5}},"2":{"start":{"line":10,"column":6},"end":{"line":13,"column":8}},"3":{"start":{"line":14,"column":6},"end":{"line":14,"column":61}},"4":{"start":{"line":16,"column":6},"end":{"line":16,"column":55}},"5":{"start":{"line":17,"column":6},"end":{"line":17,"column":57}},"6":{"start":{"line":22,"column":4},"end":{"line":28,"column":5}},"7":{"start":{"line":23,"column":21},"end":{"line":23,"column":68}},"8":{"start":{"line":24,"column":6},"end":{"line":24,"column":34}},"9":{"start":{"line":26,"column":6},"end":{"line":26,"column":55}},"10":{"start":{"line":27,"column":6},"end":{"line":27,"column":30}},"11":{"start":{"line":32,"column":4},"end":{"line":38,"column":5}},"12":{"start":{"line":33,"column":6},"end":{"line":33,"column":68}},"13":{"start":{"line":34,"column":6},"end":{"line":34,"column":64}},"14":{"start":{"line":36,"column":6},"end":{"line":36,"column":55}},"15":{"start":{"line":37,"column":6},"end":{"line":37,"column":58}},"16":{"start":{"line":41,"column":4},"end":{"line":51,"column":5}},"17":{"start":{"line":42,"column":22},"end":{"line":44,"column":19}},"18":{"start":{"line":43,"column":20},"end":{"line":43,"column":32}},"19":{"start":{"line":45,"column":21},"end":{"line":45,"column":40}},"20":{"start":{"line":46,"column":6},"end":{"line":46,"column":89}},"21":{"start":{"line":47,"column":6},"end":{"line":47,"column":66}},"22":{"start":{"line":49,"column":6},"end":{"line":49,"column":55}},"23":{"start":{"line":50,"column":6},"end":{"line":50,"column":60}},"24":{"start":{"line":54,"column":4},"end":{"line":66,"column":5}},"25":{"start":{"line":55,"column":21},"end":{"line":55,"column":87}},"26":{"start":{"line":56,"column":6},"end":{"line":61,"column":7}},"27":{"start":{"line":57,"column":8},"end":{"line":57,"column":36}},"28":{"start":{"line":59,"column":8},"end":{"line":59,"column":57}},"29":{"start":{"line":60,"column":8},"end":{"line":60,"column":20}},"30":{"start":{"line":63,"column":6},"end":{"line":63,"column":60}},"31":{"start":{"line":64,"column":6},"end":{"line":64,"column":57}},"32":{"start":{"line":65,"column":6},"end":{"line":65,"column":18}},"33":{"start":{"line":69,"column":2},"end":{"line":69,"column":86}}},"fnMap":{"0":{"name":"useDocumentDatabase","decl":{"start":{"line":5,"column":16},"end":{"line":5,"column":35}},"loc":{"start":{"line":5,"column":38},"end":{"line":70,"column":1}},"line":5},"1":{"name":"insert","decl":{"start":{"line":8,"column":17},"end":{"line":8,"column":23}},"loc":{"start":{"line":8,"column":52},"end":{"line":19,"column":3}},"line":8},"2":{"name":"readAll","decl":{"start":{"line":21,"column":17},"end":{"line":21,"column":24}},"loc":{"start":{"line":21,"column":27},"end":{"line":29,"column":3}},"line":21},"3":{"name":"deleteDocumentById","decl":{"start":{"line":31,"column":17},"end":{"line":31,"column":35}},"loc":{"start":{"line":31,"column":48},"end":{"line":39,"column":3}},"line":31},"4":{"name":"updateDocumentById","decl":{"start":{"line":40,"column":17},"end":{"line":40,"column":35}},"loc":{"start":{"line":40,"column":73},"end":{"line":52,"column":3}},"line":40},"5":{"name":"(anonymous_5)","decl":{"start":{"line":43,"column":13},"end":{"line":43,"column":14}},"loc":{"start":{"line":43,"column":20},"end":{"line":43,"column":32}},"line":43},"6":{"name":"getDocumentById","decl":{"start":{"line":53,"column":17},"end":{"line":53,"column":32}},"loc":{"start":{"line":53,"column":45},"end":{"line":67,"column":3}},"line":53}},"branchMap":{"0":{"loc":{"start":{"line":12,"column":41},"end":{"line":12,"column":69}},"type":"cond-expr","locations":[{"start":{"line":12,"column":53},"end":{"line":12,"column":62}},{"start":{"line":12,"column":65},"end":{"line":12,"column":69}}],"line":12},"1":{"loc":{"start":{"line":56,"column":6},"end":{"line":61,"column":7}},"type":"if","locations":[{"start":{"line":56,"column":6},"end":{"line":61,"column":7}},{"start":{"line":58,"column":13},"end":{"line":61,"column":7}}],"line":56},"2":{"loc":{"start":{"line":56,"column":10},"end":{"line":56,"column":37}},"type":"binary-expr","locations":[{"start":{"line":56,"column":10},"end":{"line":56,"column":16}},{"start":{"line":56,"column":20},"end":{"line":56,"column":37}}],"line":56}},"s":{"0":17,"1":4,"2":4,"3":3,"4":1,"5":1,"6":3,"7":3,"8":2,"9":1,"10":1,"11":3,"12":3,"13":2,"14":1,"15":1,"16":3,"17":3,"18":6,"19":3,"20":3,"21":2,"22":1,"23":1,"24":4,"25":4,"26":3,"27":1,"28":2,"29":2,"30":1,"31":1,"32":1,"33":17},"f":{"0":17,"1":4,"2":3,"3":3,"4":3,"5":6,"6":4},"b":{"0":[3,1],"1":[1,2],"2":[3,3]},"_coverageSchema":"1a1c01bbd47fc00a2c39e90264f33305004495a9","hash":"bcc867390299586405f0c69b4e7046f2b274e932"}
,"C:\\Users\\Pichau\\Documents\\Projetos\\my-tcc-app\\my-tcc-app\\src\\theme\\DefautTheme.ts": {"path":"C:\\Users\\Pichau\\Documents\\Projetos\\my-tcc-app\\my-tcc-app\\src\\theme\\DefautTheme.ts","statementMap":{"0":{"start":{"line":1,"column":28},"end":{"line":14,"column":1}}},"fnMap":{},"branchMap":{},"s":{"0":8},"f":{},"b":{},"_coverageSchema":"1a1c01bbd47fc00a2c39e90264f33305004495a9","hash":"75aef890f2e0468604d3b1908f6b075c1d90611e"}
,"C:\\Users\\Pichau\\Documents\\Projetos\\my-tcc-app\\my-tcc-app\\src\\theme\\styled.d.ts": {"path":"C:\\Users\\Pichau\\Documents\\Projetos\\my-tcc-app\\my-tcc-app\\src\\theme\\styled.d.ts","statementMap":{},"fnMap":{},"branchMap":{},"s":{},"f":{},"b":{}}
,"C:\\Users\\Pichau\\Documents\\Projetos\\my-tcc-app\\my-tcc-app\\src\\utils\\BaremaConversor.ts": {"path":"C:\\Users\\Pichau\\Documents\\Projetos\\my-tcc-app\\my-tcc-app\\src\\utils\\BaremaConversor.ts","statementMap":{"0":{"start":{"line":4,"column":2},"end":{"line":27,"column":4}},"1":{"start":{"line":5,"column":61},"end":{"line":25,"column":5}},"2":{"start":{"line":9,"column":21},"end":{"line":9,"column":45}},"3":{"start":{"line":10,"column":8},"end":{"line":23,"column":14}},"4":{"start":{"line":13,"column":54},"end":{"line":17,"column":15}}},"fnMap":{"0":{"name":"converterJsonParaBarema","decl":{"start":{"line":3,"column":16},"end":{"line":3,"column":39}},"loc":{"start":{"line":3,"column":63},"end":{"line":28,"column":1}},"line":3},"1":{"name":"(anonymous_1)","decl":{"start":{"line":5,"column":40},"end":{"line":5,"column":41}},"loc":{"start":{"line":5,"column":61},"end":{"line":25,"column":5}},"line":5},"2":{"name":"(anonymous_2)","decl":{"start":{"line":8,"column":43},"end":{"line":8,"column":44}},"loc":{"start":{"line":8,"column":63},"end":{"line":24,"column":7}},"line":8},"3":{"name":"(anonymous_3)","decl":{"start":{"line":13,"column":41},"end":{"line":13,"column":42}},"loc":{"start":{"line":13,"column":54},"end":{"line":17,"column":15}},"line":13}},"branchMap":{"0":{"loc":{"start":{"line":10,"column":15},"end":{"line":23,"column":13}},"type":"cond-expr","locations":[{"start":{"line":11,"column":12},"end":{"line":18,"column":13}},{"start":{"line":19,"column":12},"end":{"line":23,"column":13}}],"line":10}},"s":{"0":7,"1":4,"2":6,"3":6,"4":2},"f":{"0":7,"1":4,"2":6,"3":2},"b":{"0":[3,3]},"_coverageSchema":"1a1c01bbd47fc00a2c39e90264f33305004495a9","hash":"632bdffeccef488f6488c85b32f0c16115811e8a"}
,"C:\\Users\\Pichau\\Documents\\Projetos\\my-tcc-app\\my-tcc-app\\src\\utils\\HoursCalculator.ts": {"path":"C:\\Users\\Pichau\\Documents\\Projetos\\my-tcc-app\\my-tcc-app\\src\\utils\\HoursCalculator.ts","statementMap":{"0":{"start":{"line":4,"column":39},"end":{"line":12,"column":1}},"1":{"start":{"line":5,"column":14},"end":{"line":5,"column":15}},"2":{"start":{"line":6,"column":2},"end":{"line":10,"column":5}},"3":{"start":{"line":7,"column":4},"end":{"line":9,"column":5}},"4":{"start":{"line":8,"column":6},"end":{"line":8,"column":30}},"5":{"start":{"line":11,"column":2},"end":{"line":11,"column":15}},"6":{"start":{"line":14,"column":29},"end":{"line":25,"column":1}},"7":{"start":{"line":15,"column":14},"end":{"line":15,"column":15}},"8":{"start":{"line":16,"column":2},"end":{"line":23,"column":5}},"9":{"start":{"line":17,"column":25},"end":{"line":17,"column":75}},"10":{"start":{"line":18,"column":4},"end":{"line":22,"column":5}},"11":{"start":{"line":19,"column":6},"end":{"line":19,"column":42}},"12":{"start":{"line":21,"column":6},"end":{"line":21,"column":30}},"13":{"start":{"line":24,"column":2},"end":{"line":24,"column":15}}},"fnMap":{"0":{"name":"(anonymous_0)","decl":{"start":{"line":4,"column":39},"end":{"line":4,"column":40}},"loc":{"start":{"line":4,"column":85},"end":{"line":12,"column":1}},"line":4},"1":{"name":"(anonymous_1)","decl":{"start":{"line":6,"column":21},"end":{"line":6,"column":22}},"loc":{"start":{"line":6,"column":33},"end":{"line":10,"column":3}},"line":6},"2":{"name":"(anonymous_2)","decl":{"start":{"line":14,"column":29},"end":{"line":14,"column":30}},"loc":{"start":{"line":14,"column":72},"end":{"line":25,"column":1}},"line":14},"3":{"name":"(anonymous_3)","decl":{"start":{"line":16,"column":29},"end":{"line":16,"column":30}},"loc":{"start":{"line":16,"column":42},"end":{"line":23,"column":3}},"line":16}},"branchMap":{"0":{"loc":{"start":{"line":7,"column":4},"end":{"line":9,"column":5}},"type":"if","locations":[{"start":{"line":7,"column":4},"end":{"line":9,"column":5}},{"start":{},"end":{}}],"line":7},"1":{"loc":{"start":{"line":18,"column":4},"end":{"line":22,"column":5}},"type":"if","locations":[{"start":{"line":18,"column":4},"end":{"line":22,"column":5}},{"start":{"line":20,"column":11},"end":{"line":22,"column":5}}],"line":18}},"s":{"0":2,"1":21,"2":21,"3":69,"4":21,"5":21,"6":2,"7":6,"8":6,"9":15,"10":15,"11":3,"12":12,"13":6},"f":{"0":21,"1":69,"2":6,"3":15},"b":{"0":[21,48],"1":[3,12]},"_coverageSchema":"1a1c01bbd47fc00a2c39e90264f33305004495a9","hash":"a5ccf74eb61dd1e3bd1f920f38181650f9035368"}
}
