TN:
SF:src\components\CircularLoading\index.tsx
FN:7,(anonymous_0)
FNF:1
FNH:1
FNDA:2,(anonymous_0)
DA:7,2
DA:8,2
LF:2
LH:2
BRF:0
BRH:0
end_of_record
TN:
SF:src\components\CircularLoading\styles.ts
FNF:0
FNH:0
DA:3,2
LF:1
LH:1
BRF:0
BRH:0
end_of_record
TN:
SF:src\components\DocumentCard\index.tsx
FN:15,DocumentCard
FN:20,(anonymous_1)
FNF:2
FNH:2
FNDA:5,DocumentCard
FNDA:1,(anonymous_1)
DA:16,5
DA:18,5
DA:20,1
LF:3
LH:3
BRDA:31,0,0,5
BRDA:31,0,1,2
BRF:2
BRH:2
end_of_record
TN:
SF:src\components\DocumentCard\styles.ts
FNF:0
FNH:0
DA:4,2
DA:13,2
DA:20,2
DA:26,2
DA:31,2
DA:37,2
LF:6
LH:6
BRF:0
BRH:0
end_of_record
TN:
SF:src\components\EmptyDocument\index.tsx
FN:4,(anonymous_0)
FNF:1
FNH:1
FNDA:3,(anonymous_0)
DA:4,2
DA:5,3
LF:2
LH:2
BRF:0
BRH:0
end_of_record
TN:
SF:src\components\EmptyDocument\styles.ts
FNF:0
FNH:0
DA:4,2
DA:11,2
LF:2
LH:2
BRF:0
BRH:0
end_of_record
TN:
SF:src\components\ProgressBarCategory\index.tsx
FN:10,(anonymous_0)
FNF:1
FNH:1
FNDA:5,(anonymous_0)
DA:10,1
DA:11,5
DA:13,5
LF:3
LH:3
BRF:0
BRH:0
end_of_record
TN:
SF:src\components\ProgressBarCategory\styles.ts
FN:21,(anonymous_0)
FNF:1
FNH:1
FNDA:5,(anonymous_0)
DA:4,1
DA:11,1
DA:20,1
DA:21,5
DA:25,1
DA:32,1
LF:6
LH:6
BRF:0
BRH:0
end_of_record
TN:
SF:src\components\ProgressBarTotal\index.tsx
FN:9,(anonymous_0)
FNF:1
FNH:1
FNDA:7,(anonymous_0)
DA:9,2
DA:10,7
DA:12,7
LF:3
LH:3
BRF:0
BRH:0
end_of_record
TN:
SF:src\components\ProgressBarTotal\styles.ts
FN:20,(anonymous_0)
FNF:1
FNH:1
FNDA:7,(anonymous_0)
DA:4,2
DA:9,2
DA:19,2
DA:20,7
DA:25,2
DA:33,2
LF:6
LH:6
BRF:0
BRH:0
end_of_record
TN:
SF:src\context\documentsContext.tsx
FN:29,(anonymous_0)
FN:38,(anonymous_1)
FN:47,(anonymous_2)
FN:55,(anonymous_3)
FN:60,(anonymous_4)
FN:61,(anonymous_5)
FN:66,(anonymous_6)
FN:67,(anonymous_7)
FN:72,(anonymous_8)
FN:73,(anonymous_9)
FN:83,(anonymous_10)
FN:89,(anonymous_11)
FN:117,(anonymous_12)
FNF:13
FNH:13
FNDA:31,(anonymous_0)
FNDA:4,(anonymous_1)
FNDA:1,(anonymous_2)
FNDA:1,(anonymous_3)
FNDA:1,(anonymous_4)
FNDA:1,(anonymous_5)
FNDA:1,(anonymous_6)
FNDA:1,(anonymous_7)
FNDA:4,(anonymous_8)
FNDA:8,(anonymous_9)
FNDA:4,(anonymous_10)
FNDA:5,(anonymous_11)
FNDA:32,(anonymous_12)
DA:23,2
DA:29,2
DA:30,31
DA:31,31
DA:32,31
DA:33,31
DA:34,31
DA:35,31
DA:36,31
DA:38,31
DA:39,4
DA:40,4
DA:41,4
DA:42,4
DA:43,4
DA:44,4
DA:47,31
DA:48,1
DA:56,1
DA:60,31
DA:61,1
DA:62,1
DA:66,31
DA:67,1
DA:68,1
DA:72,31
DA:73,4
DA:74,8
DA:75,8
DA:81,4
DA:83,31
DA:84,4
DA:85,4
DA:86,4
DA:89,31
DA:90,5
DA:91,5
DA:92,5
DA:95,31
DA:117,2
DA:118,32
DA:119,32
DA:120,1
DA:122,31
LF:44
LH:44
BRDA:119,0,0,1
BRDA:119,0,1,31
BRF:2
BRH:2
end_of_record
TN:
SF:src\hooks\useDocumentDetails.ts
FN:10,(anonymous_0)
FN:30,(anonymous_1)
FN:37,(anonymous_2)
FN:39,(anonymous_3)
FN:49,(anonymous_4)
FN:58,(anonymous_5)
FN:65,(anonymous_6)
FN:112,(anonymous_7)
FN:160,calcularHora
FN:174,temTipo
FN:176,(anonymous_10)
FN:176,(anonymous_11)
FN:181,handleHorasLancadasChange
FN:189,handleAtividadeChange
FN:192,(anonymous_14)
FN:192,(anonymous_15)
FN:196,(anonymous_16)
FN:197,(anonymous_17)
FN:204,handleTipoChange
FN:207,(anonymous_19)
FN:208,(anonymous_20)
FN:209,(anonymous_21)
FN:215,(anonymous_22)
FN:216,(anonymous_23)
FNF:24
FNH:24
FNDA:144,(anonymous_0)
FNDA:14,(anonymous_1)
FNDA:5,(anonymous_2)
FNDA:5,(anonymous_3)
FNDA:2,(anonymous_4)
FNDA:1,(anonymous_5)
FNDA:2,(anonymous_6)
FNDA:2,(anonymous_7)
FNDA:17,calcularHora
FNDA:8,temTipo
FNDA:10,(anonymous_10)
FNDA:9,(anonymous_11)
FNDA:17,handleHorasLancadasChange
FNDA:11,handleAtividadeChange
FNDA:12,(anonymous_14)
FNDA:13,(anonymous_15)
FNDA:12,(anonymous_16)
FNDA:13,(anonymous_17)
FNDA:8,handleTipoChange
FNDA:8,(anonymous_19)
FNDA:8,(anonymous_20)
FNDA:10,(anonymous_21)
FNDA:1,(anonymous_22)
FNDA:1,(anonymous_23)
DA:10,1
DA:11,144
DA:12,144
DA:13,144
DA:14,144
DA:15,144
DA:16,144
DA:17,144
DA:18,144
DA:19,144
DA:20,144
DA:21,144
DA:22,144
DA:23,144
DA:24,144
DA:25,144
DA:26,144
DA:27,144
DA:28,144
DA:30,144
DA:31,14
DA:32,5
DA:34,14
DA:37,144
DA:38,5
DA:39,5
DA:40,5
DA:41,5
DA:42,5
DA:43,5
DA:44,5
DA:45,5
DA:46,5
DA:49,144
DA:50,2
DA:59,1
DA:60,1
DA:65,144
DA:66,2
DA:67,2
DA:68,2
DA:69,2
DA:70,2
DA:72,2
DA:74,2
DA:75,0
DA:76,0
DA:78,2
DA:79,0
DA:80,0
DA:82,2
DA:83,1
DA:84,1
DA:85,1
DA:88,2
DA:89,1
DA:90,1
DA:92,2
DA:93,1
DA:94,1
DA:97,2
DA:98,1
DA:99,1
DA:101,1
DA:109,1
DA:112,144
DA:113,2
DA:114,2
DA:115,2
DA:116,2
DA:117,2
DA:119,2
DA:121,2
DA:122,0
DA:123,0
DA:125,2
DA:126,0
DA:127,0
DA:129,2
DA:130,2
DA:131,0
DA:132,0
DA:135,2
DA:136,0
DA:137,0
DA:139,2
DA:140,1
DA:141,1
DA:144,2
DA:145,1
DA:146,1
DA:148,1
DA:157,1
DA:161,17
DA:162,14
DA:163,1
DA:164,13
DA:165,6
DA:167,7
DA:170,3
DA:175,8
DA:176,10
DA:182,17
DA:183,17
DA:184,17
DA:185,17
DA:186,17
DA:190,11
DA:191,11
DA:192,13
DA:195,11
DA:196,12
DA:197,13
DA:198,11
DA:199,11
DA:201,11
DA:205,8
DA:206,8
DA:207,8
DA:208,8
DA:209,10
DA:210,8
DA:211,7
DA:212,7
DA:214,1
DA:215,1
DA:216,1
DA:217,1
DA:218,1
DA:219,1
DA:222,8
DA:224,144
LF:132
LH:120
BRDA:31,0,0,5
BRDA:31,0,1,9
BRDA:74,1,0,0
BRDA:74,1,1,2
BRDA:78,2,0,0
BRDA:78,2,1,2
BRDA:82,3,0,1
BRDA:82,3,1,1
BRDA:83,4,0,1
BRDA:83,4,1,0
BRDA:88,5,0,1
BRDA:88,5,1,1
BRDA:88,6,0,2
BRDA:88,6,1,2
BRDA:88,6,2,2
BRDA:92,7,0,1
BRDA:92,7,1,1
BRDA:97,8,0,1
BRDA:97,8,1,1
BRDA:121,9,0,0
BRDA:121,9,1,2
BRDA:125,10,0,0
BRDA:125,10,1,2
BRDA:129,11,0,2
BRDA:129,11,1,0
BRDA:130,12,0,0
BRDA:130,12,1,2
BRDA:135,13,0,0
BRDA:135,13,1,2
BRDA:135,14,0,2
BRDA:135,14,1,2
BRDA:135,14,2,2
BRDA:139,15,0,1
BRDA:139,15,1,1
BRDA:144,16,0,1
BRDA:144,16,1,1
BRDA:161,17,0,14
BRDA:161,17,1,3
BRDA:162,18,0,1
BRDA:162,18,1,13
BRDA:164,19,0,6
BRDA:164,19,1,7
BRDA:191,20,0,11
BRDA:191,20,1,0
BRDA:198,21,0,11
BRDA:198,21,1,0
BRDA:199,22,0,11
BRDA:199,22,1,0
BRDA:210,23,0,7
BRDA:210,23,1,1
BRDA:217,24,0,1
BRDA:217,24,1,0
BRDA:218,25,0,1
BRDA:218,25,1,0
BRDA:219,26,0,1
BRDA:219,26,1,0
BRF:56
BRH:42
end_of_record
TN:
SF:src\hooks\usePDFScreen.ts
FN:9,(anonymous_0)
FN:12,(anonymous_1)
FN:16,(anonymous_2)
FN:37,gerarHtmlTabela
FN:39,(anonymous_4)
FN:41,(anonymous_5)
FN:55,(anonymous_6)
FNF:7
FNH:6
FNDA:3,(anonymous_0)
FNDA:3,(anonymous_1)
FNDA:0,(anonymous_2)
FNDA:2,gerarHtmlTabela
FNDA:3,(anonymous_4)
FNDA:3,(anonymous_5)
FNDA:2,(anonymous_6)
DA:9,1
DA:10,3
DA:12,3
DA:13,3
DA:16,3
DA:17,0
DA:18,0
DA:23,0
DA:24,0
DA:26,0
DA:31,0
DA:33,0
DA:34,0
DA:38,2
DA:39,3
DA:41,3
DA:53,2
DA:55,2
DA:62,2
DA:113,3
LF:20
LH:12
BRDA:45,0,0,3
BRDA:45,0,1,1
BRDA:47,1,0,3
BRDA:47,1,1,0
BRF:4
BRH:3
end_of_record
TN:
SF:src\models\barema.ts
FNF:0
FNH:0
LF:0
LH:0
BRF:0
BRH:0
end_of_record
TN:
SF:src\models\document.ts
FNF:0
FNH:0
LF:0
LH:0
BRF:0
BRH:0
end_of_record
TN:
SF:src\navigation\drawer.routes.tsx
FN:10,DrawerRoute
FN:39,(anonymous_1)
FN:53,(anonymous_2)
FN:67,(anonymous_3)
FNF:4
FNH:4
FNDA:8,DrawerRoute
FNDA:8,(anonymous_1)
FNDA:8,(anonymous_2)
FNDA:8,(anonymous_3)
DA:11,8
DA:13,8
DA:40,8
DA:54,8
DA:68,8
LF:5
LH:5
BRF:0
BRH:0
end_of_record
TN:
SF:src\navigation\stack.routes.tsx
FN:6,StackRoute
FNF:1
FNH:1
FNDA:4,StackRoute
DA:7,4
DA:8,4
LF:2
LH:2
BRF:0
BRH:0
end_of_record
TN:
SF:src\navigation\types\navigation.ts
FNF:0
FNH:0
LF:0
LH:0
BRF:0
BRH:0
end_of_record
TN:
SF:src\screens\DocumentDetails\index.tsx
FN:8,DocumentDetails
FN:49,(anonymous_1)
FN:55,(anonymous_2)
FN:69,(anonymous_3)
FN:76,(anonymous_4)
FN:77,(anonymous_5)
FN:93,(anonymous_6)
FN:102,(anonymous_7)
FN:103,(anonymous_8)
FN:104,(anonymous_9)
FN:133,(anonymous_10)
FN:168,(anonymous_11)
FNF:12
FNH:0
FNDA:0,DocumentDetails
FNDA:0,(anonymous_1)
FNDA:0,(anonymous_2)
FNDA:0,(anonymous_3)
FNDA:0,(anonymous_4)
FNDA:0,(anonymous_5)
FNDA:0,(anonymous_6)
FNDA:0,(anonymous_7)
FNDA:0,(anonymous_8)
FNDA:0,(anonymous_9)
FNDA:0,(anonymous_10)
FNDA:0,(anonymous_11)
DA:9,0
DA:37,0
DA:39,0
DA:49,0
DA:56,0
DA:69,0
DA:76,0
DA:78,0
DA:93,0
DA:102,0
DA:103,0
DA:105,0
DA:133,0
DA:168,0
LF:14
LH:0
BRDA:39,0,0,0
BRDA:39,0,1,0
BRDA:45,1,0,0
BRDA:45,1,1,0
BRDA:65,2,0,0
BRDA:65,2,1,0
BRDA:89,3,0,0
BRDA:89,3,1,0
BRDA:97,4,0,0
BRDA:97,4,1,0
BRDA:134,5,0,0
BRDA:134,5,1,0
BRDA:155,6,0,0
BRDA:155,6,1,0
BRDA:160,7,0,0
BRDA:160,7,1,0
BRDA:165,8,0,0
BRDA:165,8,1,0
BRF:18
BRH:0
end_of_record
TN:
SF:src\screens\DocumentDetails\styles.ts
FN:64,(anonymous_0)
FN:87,(anonymous_1)
FNF:2
FNH:0
FNDA:0,(anonymous_0)
FNDA:0,(anonymous_1)
DA:5,0
DA:9,0
DA:14,0
DA:20,0
DA:28,0
DA:34,0
DA:38,0
DA:44,0
DA:46,0
DA:51,0
DA:57,0
DA:63,0
DA:64,0
DA:71,0
DA:76,0
DA:85,0
DA:87,0
DA:91,0
DA:99,0
LF:19
LH:0
BRDA:64,0,0,0
BRDA:64,0,1,0
BRDA:87,1,0,0
BRDA:87,1,1,0
BRF:4
BRH:0
end_of_record
TN:
SF:src\screens\DocumentScreen\index.tsx
FN:13,DocumentScreen
FN:17,(anonymous_1)
FN:21,renderItem
FN:45,(anonymous_3)
FNF:4
FNH:4
FNDA:3,DocumentScreen
FNDA:3,(anonymous_1)
FNDA:1,renderItem
FNDA:1,(anonymous_3)
DA:14,3
DA:15,3
DA:17,3
DA:18,3
DA:22,1
DA:32,3
DA:45,1
LF:7
LH:7
BRDA:34,0,0,2
BRDA:34,0,1,1
BRF:2
BRH:2
end_of_record
TN:
SF:src\screens\DocumentScreen\styles.ts
FNF:0
FNH:0
DA:4,1
DA:11,1
DA:15,1
LF:3
LH:3
BRF:0
BRH:0
end_of_record
TN:
SF:src\screens\HourScreen\index.tsx
FN:10,HourScreen
FN:13,(anonymous_1)
FN:17,(anonymous_2)
FNF:3
FNH:3
FNDA:3,HourScreen
FNDA:3,(anonymous_1)
FNDA:4,(anonymous_2)
DA:11,3
DA:13,3
DA:14,3
DA:17,3
DA:18,4
DA:27,3
LF:6
LH:6
BRDA:27,0,0,1
BRDA:27,0,1,2
BRF:2
BRH:2
end_of_record
TN:
SF:src\screens\HourScreen\styles.ts
FNF:0
FNH:0
DA:4,1
DA:10,1
DA:19,1
LF:3
LH:3
BRF:0
BRH:0
end_of_record
TN:
SF:src\screens\PDFScreen\index.tsx
FN:6,(anonymous_0)
FN:23,(anonymous_1)
FN:37,(anonymous_2)
FN:38,(anonymous_3)
FNF:4
FNH:4
FNDA:4,(anonymous_0)
FNDA:6,(anonymous_1)
FNDA:9,(anonymous_2)
FNDA:9,(anonymous_3)
DA:6,1
DA:7,4
DA:8,4
DA:10,4
DA:24,6
DA:37,9
DA:39,9
LF:7
LH:7
BRDA:45,0,0,9
BRDA:45,0,1,3
BRF:2
BRH:2
end_of_record
TN:
SF:src\screens\PDFScreen\styles.ts
FNF:0
FNH:0
DA:4,1
DA:9,1
DA:17,1
DA:22,1
DA:24,1
DA:29,1
DA:35,1
DA:43,1
LF:8
LH:8
BRF:0
BRH:0
end_of_record
TN:
SF:src\service\Database.ts
FN:3,initializeDatabase
FNF:1
FNH:1
FNDA:3,initializeDatabase
DA:4,3
LF:1
LH:1
BRF:0
BRH:0
end_of_record
TN:
SF:src\service\useDocumentDatabase.ts
FN:5,useDocumentDatabase
FN:8,insert
FN:21,readAll
FN:31,deleteDocumentById
FN:40,updateDocumentById
FN:43,(anonymous_5)
FN:53,getDocumentById
FNF:7
FNH:7
FNDA:17,useDocumentDatabase
FNDA:4,insert
FNDA:3,readAll
FNDA:3,deleteDocumentById
FNDA:3,updateDocumentById
FNDA:6,(anonymous_5)
FNDA:4,getDocumentById
DA:6,17
DA:9,4
DA:10,4
DA:14,3
DA:16,1
DA:17,1
DA:22,3
DA:23,3
DA:24,2
DA:26,1
DA:27,1
DA:32,3
DA:33,3
DA:34,2
DA:36,1
DA:37,1
DA:41,3
DA:42,3
DA:43,6
DA:45,3
DA:46,3
DA:47,2
DA:49,1
DA:50,1
DA:54,4
DA:55,4
DA:56,3
DA:57,1
DA:59,2
DA:60,2
DA:63,1
DA:64,1
DA:65,1
DA:69,17
LF:34
LH:34
BRDA:12,0,0,3
BRDA:12,0,1,1
BRDA:56,1,0,1
BRDA:56,1,1,2
BRDA:56,2,0,3
BRDA:56,2,1,3
BRF:6
BRH:6
end_of_record
TN:
SF:src\theme\DefautTheme.ts
FNF:0
FNH:0
DA:1,8
LF:1
LH:1
BRF:0
BRH:0
end_of_record
TN:
SF:src\theme\styled.d.ts
FNF:0
FNH:0
LF:0
LH:0
BRF:0
BRH:0
end_of_record
TN:
SF:src\utils\BaremaConversor.ts
FN:3,converterJsonParaBarema
FN:5,(anonymous_1)
FN:8,(anonymous_2)
FN:13,(anonymous_3)
FNF:4
FNH:4
FNDA:7,converterJsonParaBarema
FNDA:4,(anonymous_1)
FNDA:6,(anonymous_2)
FNDA:2,(anonymous_3)
DA:4,7
DA:5,4
DA:9,6
DA:10,6
DA:13,2
LF:5
LH:5
BRDA:10,0,0,3
BRDA:10,0,1,3
BRF:2
BRH:2
end_of_record
TN:
SF:src\utils\HoursCalculator.ts
FN:4,(anonymous_0)
FN:6,(anonymous_1)
FN:14,(anonymous_2)
FN:16,(anonymous_3)
FNF:4
FNH:4
FNDA:21,(anonymous_0)
FNDA:69,(anonymous_1)
FNDA:6,(anonymous_2)
FNDA:15,(anonymous_3)
DA:4,2
DA:5,21
DA:6,21
DA:7,69
DA:8,21
DA:11,21
DA:14,2
DA:15,6
DA:16,6
DA:17,15
DA:18,15
DA:19,3
DA:21,12
DA:24,6
LF:14
LH:14
BRDA:7,0,0,21
BRDA:7,0,1,48
BRDA:18,1,0,3
BRDA:18,1,1,12
BRF:4
BRH:4
end_of_record
